#
# There is insufficient memory for the Java Runtime Environment to continue.
# Native memory allocation (mmap) failed to map 716177408 bytes for committing reserved memory.
# Possible reasons:
#   The system is out of physical RAM or swap space
#   In 32 bit mode, the process size limit was hit
# Possible solutions:
#   Reduce memory load on the system
#   Increase physical memory or swap space
#   Check if swap backing store is full
#   Use 64 bit Java on a 64 bit OS
#   Decrease Java heap size (-Xmx/-Xms)
#   Decrease number of Java threads
#   Decrease Java thread stack sizes (-Xss)
#   Set larger code cache with -XX:ReservedCodeCacheSize=
# This output file may be truncated or incomplete.
#
#  Out of Memory Error (os_linux.cpp:2627), pid=24479, tid=0x00007f8f1eca6700
#
# JRE version:  (8.0_121-b13) (build )
# Java VM: Java HotSpot(TM) 64-Bit Server VM (25.121-b13 mixed mode linux-amd64 compressed oops)
# Failed to write core dump. Core dumps have been disabled. To enable core dumping, try "ulimit -c unlimited" before starting Java again
#

---------------  T H R E A D  ---------------

Current thread (0x00007f8f18009800):  JavaThread "Unknown thread" [_thread_in_vm, id=24480, stack(0x00007f8f1eba6000,0x00007f8f1eca7000)]

Stack: [0x00007f8f1eba6000,0x00007f8f1eca7000],  sp=0x00007f8f1eca53c0,  free space=1020k
Native frames: (J=compiled Java code, j=interpreted, Vv=VM code, C=native code)
V  [libjvm.so+0xac703a]  VMError::report_and_die()+0x2ba
V  [libjvm.so+0x4fc7eb]  report_vm_out_of_memory(char const*, int, unsigned long, VMErrorType, char const*)+0x8b
V  [libjvm.so+0x923c43]  os::Linux::commit_memory_impl(char*, unsigned long, bool)+0x103
V  [libjvm.so+0x924199]  os::pd_commit_memory(char*, unsigned long, unsigned long, bool)+0x29
V  [libjvm.so+0x91e4aa]  os::commit_memory(char*, unsigned long, unsigned long, bool)+0x2a
V  [libjvm.so+0x992f03]  PSVirtualSpace::expand_by(unsigned long)+0x53
V  [libjvm.so+0x983017]  PSOldGen::initialize(ReservedSpace, unsigned long, char const*, int)+0xb7
V  [libjvm.so+0x2d89aa]  AdjoiningGenerations::AdjoiningGenerations(ReservedSpace, GenerationSizer*, unsigned long)+0x39a
V  [libjvm.so+0x9472d6]  ParallelScavengeHeap::initialize()+0x1d6
V  [libjvm.so+0xa8eff3]  Universe::initialize_heap()+0xf3
V  [libjvm.so+0xa8f55e]  universe_init()+0x3e
V  [libjvm.so+0x63d4f5]  init_globals()+0x65
V  [libjvm.so+0xa72c4e]  Threads::create_vm(JavaVMInitArgs*, bool*)+0x23e
V  [libjvm.so+0x6d1d94]  JNI_CreateJavaVM+0x74
C  [libjli.so+0x745e]  JavaMain+0x9e
C  [libpthread.so.0+0x76ba]  start_thread+0xca


---------------  P R O C E S S  ---------------

Java Threads: ( => current thread )

Other Threads:

=>0x00007f8f18009800 (exited) JavaThread "Unknown thread" [_thread_in_vm, id=24480, stack(0x00007f8f1eba6000,0x00007f8f1eca7000)]

VM state:not at safepoint (not fully initialized)

VM Mutex/Monitor currently owned by a thread: None

GC Heap History (0 events):
No events

Deoptimization events (0 events):
No events

Internal exceptions (0 events):
No events

Events (0 events):
No events


Dynamic libraries:
00400000-00401000 r-xp 00000000 08:01 5242895                            /usr/lib/jvm/java-8-oracle/jre/bin/java
00600000-00601000 rw-p 00000000 08:01 5242895                            /usr/lib/jvm/java-8-oracle/jre/bin/java
01cbe000-01cdf000 rw-p 00000000 00:00 0                                  [heap]
eab00000-100000000 rw-p 00000000 00:00 0 
7f8f0f63b000-7f8f0f7d2000 rw-p 00000000 00:00 0 
7f8f0f7d2000-7f8f0f927000 ---p 00000000 00:00 0 
7f8f0f927000-7f8f0f9dd000 rw-p 00000000 00:00 0 
7f8f0f9dd000-7f8f0fbd3000 ---p 00000000 00:00 0 
7f8f0fbd3000-7f8f0fe43000 rwxp 00000000 00:00 0 
7f8f0fe43000-7f8f17bd3000 ---p 00000000 00:00 0 
7f8f17bd3000-7f8f17bed000 r-xp 00000000 08:01 2763239                    /usr/lib/jvm/java-8-oracle/jre/lib/amd64/libzip.so
7f8f17bed000-7f8f17ded000 ---p 0001a000 08:01 2763239                    /usr/lib/jvm/java-8-oracle/jre/lib/amd64/libzip.so
7f8f17ded000-7f8f17dee000 rw-p 0001a000 08:01 2763239                    /usr/lib/jvm/java-8-oracle/jre/lib/amd64/libzip.so
7f8f17dee000-7f8f17df9000 r-xp 00000000 08:01 1574166                    /lib/x86_64-linux-gnu/libnss_files-2.23.so
7f8f17df9000-7f8f17ff8000 ---p 0000b000 08:01 1574166                    /lib/x86_64-linux-gnu/libnss_files-2.23.so
7f8f17ff8000-7f8f17ff9000 r--p 0000a000 08:01 1574166                    /lib/x86_64-linux-gnu/libnss_files-2.23.so
7f8f17ff9000-7f8f17ffa000 rw-p 0000b000 08:01 1574166                    /lib/x86_64-linux-gnu/libnss_files-2.23.so
7f8f17ffa000-7f8f18000000 rw-p 00000000 00:00 0 
7f8f18000000-7f8f18034000 rw-p 00000000 00:00 0 
7f8f18034000-7f8f1c000000 ---p 00000000 00:00 0 
7f8f1c046000-7f8f1c136000 rw-p 00000000 00:00 0 
7f8f1c136000-7f8f1c141000 r-xp 00000000 08:01 1574149                    /lib/x86_64-linux-gnu/libnss_nis-2.23.so
7f8f1c141000-7f8f1c340000 ---p 0000b000 08:01 1574149                    /lib/x86_64-linux-gnu/libnss_nis-2.23.so
7f8f1c340000-7f8f1c341000 r--p 0000a000 08:01 1574149                    /lib/x86_64-linux-gnu/libnss_nis-2.23.so
7f8f1c341000-7f8f1c342000 rw-p 0000b000 08:01 1574149                    /lib/x86_64-linux-gnu/libnss_nis-2.23.so
7f8f1c342000-7f8f1c358000 r-xp 00000000 08:01 1574154                    /lib/x86_64-linux-gnu/libnsl-2.23.so
7f8f1c358000-7f8f1c557000 ---p 00016000 08:01 1574154                    /lib/x86_64-linux-gnu/libnsl-2.23.so
7f8f1c557000-7f8f1c558000 r--p 00015000 08:01 1574154                    /lib/x86_64-linux-gnu/libnsl-2.23.so
7f8f1c558000-7f8f1c559000 rw-p 00016000 08:01 1574154                    /lib/x86_64-linux-gnu/libnsl-2.23.so
7f8f1c559000-7f8f1c55b000 rw-p 00000000 00:00 0 
7f8f1c55b000-7f8f1c563000 r-xp 00000000 08:01 1574187                    /lib/x86_64-linux-gnu/libnss_compat-2.23.so
7f8f1c563000-7f8f1c762000 ---p 00008000 08:01 1574187                    /lib/x86_64-linux-gnu/libnss_compat-2.23.so
7f8f1c762000-7f8f1c763000 r--p 00007000 08:01 1574187                    /lib/x86_64-linux-gnu/libnss_compat-2.23.so
7f8f1c763000-7f8f1c764000 rw-p 00008000 08:01 1574187                    /lib/x86_64-linux-gnu/libnss_compat-2.23.so
7f8f1c764000-7f8f1c78f000 r-xp 00000000 08:01 2763266                    /usr/lib/jvm/java-8-oracle/jre/lib/amd64/libjava.so
7f8f1c78f000-7f8f1c98e000 ---p 0002b000 08:01 2763266                    /usr/lib/jvm/java-8-oracle/jre/lib/amd64/libjava.so
7f8f1c98e000-7f8f1c990000 rw-p 0002a000 08:01 2763266                    /usr/lib/jvm/java-8-oracle/jre/lib/amd64/libjava.so
7f8f1c990000-7f8f1c99d000 r-xp 00000000 08:01 2763217                    /usr/lib/jvm/java-8-oracle/jre/lib/amd64/libverify.so
7f8f1c99d000-7f8f1cb9c000 ---p 0000d000 08:01 2763217                    /usr/lib/jvm/java-8-oracle/jre/lib/amd64/libverify.so
7f8f1cb9c000-7f8f1cb9e000 rw-p 0000c000 08:01 2763217                    /usr/lib/jvm/java-8-oracle/jre/lib/amd64/libverify.so
7f8f1cb9e000-7f8f1cba5000 r-xp 00000000 08:01 1574189                    /lib/x86_64-linux-gnu/librt-2.23.so
7f8f1cba5000-7f8f1cda4000 ---p 00007000 08:01 1574189                    /lib/x86_64-linux-gnu/librt-2.23.so
7f8f1cda4000-7f8f1cda5000 r--p 00006000 08:01 1574189                    /lib/x86_64-linux-gnu/librt-2.23.so
7f8f1cda5000-7f8f1cda6000 rw-p 00007000 08:01 1574189                    /lib/x86_64-linux-gnu/librt-2.23.so
7f8f1cda6000-7f8f1ceae000 r-xp 00000000 08:01 1574151                    /lib/x86_64-linux-gnu/libm-2.23.so
7f8f1ceae000-7f8f1d0ad000 ---p 00108000 08:01 1574151                    /lib/x86_64-linux-gnu/libm-2.23.so
7f8f1d0ad000-7f8f1d0ae000 r--p 00107000 08:01 1574151                    /lib/x86_64-linux-gnu/libm-2.23.so
7f8f1d0ae000-7f8f1d0af000 rw-p 00108000 08:01 1574151                    /lib/x86_64-linux-gnu/libm-2.23.so
7f8f1d0af000-7f8f1dd7d000 r-xp 00000000 08:01 2763270                    /usr/lib/jvm/java-8-oracle/jre/lib/amd64/server/libjvm.so
7f8f1dd7d000-7f8f1df7d000 ---p 00cce000 08:01 2763270                    /usr/lib/jvm/java-8-oracle/jre/lib/amd64/server/libjvm.so
7f8f1df7d000-7f8f1e056000 rw-p 00cce000 08:01 2763270                    /usr/lib/jvm/java-8-oracle/jre/lib/amd64/server/libjvm.so
7f8f1e056000-7f8f1e0a1000 rw-p 00000000 00:00 0 
7f8f1e0a1000-7f8f1e260000 r-xp 00000000 08:01 1574157                    /lib/x86_64-linux-gnu/libc-2.23.so
7f8f1e260000-7f8f1e460000 ---p 001bf000 08:01 1574157                    /lib/x86_64-linux-gnu/libc-2.23.so
7f8f1e460000-7f8f1e464000 r--p 001bf000 08:01 1574157                    /lib/x86_64-linux-gnu/libc-2.23.so
7f8f1e464000-7f8f1e466000 rw-p 001c3000 08:01 1574157                    /lib/x86_64-linux-gnu/libc-2.23.so
7f8f1e466000-7f8f1e46a000 rw-p 00000000 00:00 0 
7f8f1e46a000-7f8f1e46d000 r-xp 00000000 08:01 1574146                    /lib/x86_64-linux-gnu/libdl-2.23.so
7f8f1e46d000-7f8f1e66c000 ---p 00003000 08:01 1574146                    /lib/x86_64-linux-gnu/libdl-2.23.so
7f8f1e66c000-7f8f1e66d000 r--p 00002000 08:01 1574146                    /lib/x86_64-linux-gnu/libdl-2.23.so
7f8f1e66d000-7f8f1e66e000 rw-p 00003000 08:01 1574146                    /lib/x86_64-linux-gnu/libdl-2.23.so
7f8f1e66e000-7f8f1e683000 r-xp 00000000 08:01 2763255                    /usr/lib/jvm/java-8-oracle/jre/lib/amd64/jli/libjli.so
7f8f1e683000-7f8f1e883000 ---p 00015000 08:01 2763255                    /usr/lib/jvm/java-8-oracle/jre/lib/amd64/jli/libjli.so
7f8f1e883000-7f8f1e884000 rw-p 00015000 08:01 2763255                    /usr/lib/jvm/java-8-oracle/jre/lib/amd64/jli/libjli.so
7f8f1e884000-7f8f1e89c000 r-xp 00000000 08:01 1574197                    /lib/x86_64-linux-gnu/libpthread-2.23.so
7f8f1e89c000-7f8f1ea9b000 ---p 00018000 08:01 1574197                    /lib/x86_64-linux-gnu/libpthread-2.23.so
7f8f1ea9b000-7f8f1ea9c000 r--p 00017000 08:01 1574197                    /lib/x86_64-linux-gnu/libpthread-2.23.so
7f8f1ea9c000-7f8f1ea9d000 rw-p 00018000 08:01 1574197                    /lib/x86_64-linux-gnu/libpthread-2.23.so
7f8f1ea9d000-7f8f1eaa1000 rw-p 00000000 00:00 0 
7f8f1eaa1000-7f8f1eac7000 r-xp 00000000 08:01 1574159                    /lib/x86_64-linux-gnu/ld-2.23.so
7f8f1eba6000-7f8f1eba9000 ---p 00000000 00:00 0 
7f8f1eba9000-7f8f1ecab000 rw-p 00000000 00:00 0 
7f8f1ecba000-7f8f1ecc2000 rw-s 00000000 08:01 2769480                    /tmp/hsperfdata_yuan/24479
7f8f1ecc2000-7f8f1ecc3000 rw-p 00000000 00:00 0 
7f8f1ecc3000-7f8f1ecc4000 r--p 00000000 00:00 0 
7f8f1ecc4000-7f8f1ecc6000 rw-p 00000000 00:00 0 
7f8f1ecc6000-7f8f1ecc7000 r--p 00025000 08:01 1574159                    /lib/x86_64-linux-gnu/ld-2.23.so
7f8f1ecc7000-7f8f1ecc8000 rw-p 00026000 08:01 1574159                    /lib/x86_64-linux-gnu/ld-2.23.so
7f8f1ecc8000-7f8f1ecc9000 rw-p 00000000 00:00 0 
7fffb5442000-7fffb5464000 rw-p 00000000 00:00 0                          [stack]
7fffb5507000-7fffb5509000 r--p 00000000 00:00 0                          [vvar]
7fffb5509000-7fffb550b000 r-xp 00000000 00:00 0                          [vdso]
ffffffffff600000-ffffffffff601000 r-xp 00000000 00:00 0                  [vsyscall]

VM Arguments:
jvm_args: -Xms1024m -Xmx1024m -XX:ReservedCodeCacheSize=128m -XX:MaxMetaspaceSize=256m 
java_command: /usr/share/sbt-launcher-packaging/bin/sbt-launch.jar run
java_class_path (initial): /usr/share/sbt-launcher-packaging/bin/sbt-launch.jar
Launcher Type: SUN_STANDARD

Environment Variables:
JAVA_HOME=/usr/lib/jvm/java-8-oracle
PATH=/home/yuan/.cabal/bin:/opt/cabal/1.22/bin:/opt/ghc/7.10.3/bin:/home/yuan/activator-dist-1.3.10/bin:/home/yuan/bin:/home/yuan/.local/bin:/home/yuan/.cabal/bin:/opt/cabal/1.22/bin:/opt/ghc/7.10.3/bin:/home/yuan/activator-dist-1.3.10/bin:/home/yuan/.sdkman/candidates/groovy/current/bin:/home/yuan/bin:/home/yuan/.local/bin:/usr/local/sbin:/usr/local/bin:/usr/sbin:/usr/bin:/sbin:/bin:/usr/games:/usr/local/games:/snap/bin:/usr/lib/jvm/java-8-oracle/bin:/usr/lib/jvm/java-8-oracle/db/bin:/usr/lib/jvm/java-8-oracle/jre/bin:/snap/bin:/usr/lib/jvm/java-8-oracle/bin:/usr/lib/jvm/java-8-oracle/db/bin:/usr/lib/jvm/java-8-oracle/jre/bin:/home/yuan/.conscript/bin:/home/yuan/firefox-sdk/bin:/home/yuan/.conscript/bin:/home/yuan/firefox-sdk/bin
LD_LIBRARY_PATH=/home/yuan/idea-IU-171.3780.107/bin:
SHELL=/bin/bash
DISPLAY=:0

Signal Handlers:
SIGSEGV: [libjvm.so+0xac78c0], sa_mask[0]=11111111011111111101111111111110, sa_flags=SA_RESTART|SA_SIGINFO
SIGBUS: [libjvm.so+0xac78c0], sa_mask[0]=11111111011111111101111111111110, sa_flags=SA_RESTART|SA_SIGINFO
SIGFPE: [libjvm.so+0x920ac0], sa_mask[0]=11111111011111111101111111111110, sa_flags=SA_RESTART|SA_SIGINFO
SIGPIPE: [libjvm.so+0x920ac0], sa_mask[0]=11111111011111111101111111111110, sa_flags=SA_RESTART|SA_SIGINFO
SIGXFSZ: [libjvm.so+0x920ac0], sa_mask[0]=11111111011111111101111111111110, sa_flags=SA_RESTART|SA_SIGINFO
SIGILL: [libjvm.so+0x920ac0], sa_mask[0]=11111111011111111101111111111110, sa_flags=SA_RESTART|SA_SIGINFO
SIGUSR1: SIG_DFL, sa_mask[0]=00000000000000000000000000000000, sa_flags=none
SIGUSR2: [libjvm.so+0x922300], sa_mask[0]=00100000000000000000000000000000, sa_flags=SA_RESTART|SA_SIGINFO
SIGHUP: SIG_DFL, sa_mask[0]=00000000000000000000000000000000, sa_flags=none
SIGINT: SIG_DFL, sa_mask[0]=00000000000000000000000000000000, sa_flags=none
SIGTERM: SIG_DFL, sa_mask[0]=00000000000000000000000000000000, sa_flags=none
SIGQUIT: SIG_DFL, sa_mask[0]=00000000000000000000000000000000, sa_flags=none


---------------  S Y S T E M  ---------------

OS:DISTRIB_ID=Ubuntu
DISTRIB_RELEASE=16.04
DISTRIB_CODENAME=xenial
DISTRIB_DESCRIPTION="Ubuntu 16.04.2 LTS"

uname:Linux 4.4.0-72-generic #93-Ubuntu SMP Fri Mar 31 14:07:41 UTC 2017 x86_64
libc:glibc 2.23 NPTL 2.23 
rlimit: STACK 8192k, CORE 0k, NPROC 39172, NOFILE 65536, AS infinity
load average:2.95 2.84 2.03

/proc/meminfo:
MemTotal:       10068304 kB
MemFree:          142680 kB
MemAvailable:     175672 kB
Buffers:            8120 kB
Cached:          1773328 kB
SwapCached:       102576 kB
Active:          3561636 kB
Inactive:        2299244 kB
Active(anon):    3419348 kB
Inactive(anon):  2214072 kB
Active(file):     142288 kB
Inactive(file):    85172 kB
Unevictable:         184 kB
Mlocked:             184 kB
SwapTotal:       8385532 kB
SwapFree:            120 kB
Dirty:               100 kB
Writeback:             0 kB
AnonPages:       3976932 kB
Mapped:            69856 kB
Shmem:           1554416 kB
Slab:             181116 kB
SReclaimable:      68936 kB
SUnreclaim:       112180 kB
KernelStack:       19360 kB
PageTables:        51108 kB
NFS_Unstable:          0 kB
Bounce:                0 kB
WritebackTmp:          0 kB
CommitLimit:    13419684 kB
Committed_AS:   19126568 kB
VmallocTotal:   34359738367 kB
VmallocUsed:           0 kB
VmallocChunk:          0 kB
HardwareCorrupted:     0 kB
AnonHugePages:   2068480 kB
CmaTotal:              0 kB
CmaFree:               0 kB
HugePages_Total:       0
HugePages_Free:        0
HugePages_Rsvd:        0
HugePages_Surp:        0
Hugepagesize:       2048 kB
DirectMap4k:      610112 kB
DirectMap2M:     9719808 kB
DirectMap1G:           0 kB


CPU:total 8 (1 cores per cpu, 1 threads per core) family 6 model 94 stepping 3, cmov, cx8, fxsr, mmx, sse, sse2, sse3, ssse3, sse4.1, sse4.2, popcnt, avx, avx2, aes, clmul, erms, rtm, 3dnowpref, lzcnt, tsc, tscinvbit, bmi1, bmi2, adx

/proc/cpuinfo:
processor	: 0
vendor_id	: GenuineIntel
cpu family	: 6
model		: 94
model name	: Intel(R) Core(TM) i7-6700HQ CPU @ 2.60GHz
stepping	: 3
microcode	: 0x9e
cpu MHz		: 2601.000
cache size	: 6144 KB
physical id	: 0
siblings	: 1
core id		: 0
cpu cores	: 1
apicid		: 0
initial apicid	: 0
fpu		: yes
fpu_exception	: yes
cpuid level	: 22
wp		: yes
flags		: fpu vme de pse tsc msr pae mce cx8 apic sep mtrr pge mca cmov pat pse36 clflush dts mmx fxsr sse sse2 ss syscall nx pdpe1gb rdtscp lm constant_tsc arch_perfmon pebs bts nopl xtopology tsc_reliable nonstop_tsc aperfmperf eagerfpu pni pclmulqdq ssse3 fma cx16 pcid sse4_1 sse4_2 x2apic movbe popcnt tsc_deadline_timer aes xsave avx f16c rdrand hypervisor lahf_lm abm 3dnowprefetch epb fsgsbase tsc_adjust bmi1 hle avx2 smep bmi2 invpcid rtm rdseed adx smap xsaveopt dtherm ida arat pln pts hwp hwp_notify hwp_act_window hwp_epp
bugs		:
bogomips	: 5202.00
clflush size	: 64
cache_alignment	: 64
address sizes	: 42 bits physical, 48 bits virtual
power management:

processor	: 1
vendor_id	: GenuineIntel
cpu family	: 6
model		: 94
model name	: Intel(R) Core(TM) i7-6700HQ CPU @ 2.60GHz
stepping	: 3
microcode	: 0x9e
cpu MHz		: 2601.000
cache size	: 6144 KB
physical id	: 2
siblings	: 1
core id		: 0
cpu cores	: 1
apicid		: 2
initial apicid	: 2
fpu		: yes
fpu_exception	: yes
cpuid level	: 22
wp		: yes
flags		: fpu vme de pse tsc msr pae mce cx8 apic sep mtrr pge mca cmov pat pse36 clflush dts mmx fxsr sse sse2 ss syscall nx pdpe1gb rdtscp lm constant_tsc arch_perfmon pebs bts nopl xtopology tsc_reliable nonstop_tsc aperfmperf eagerfpu pni pclmulqdq ssse3 fma cx16 pcid sse4_1 sse4_2 x2apic movbe popcnt tsc_deadline_timer aes xsave avx f16c rdrand hypervisor lahf_lm abm 3dnowprefetch epb fsgsbase tsc_adjust bmi1 hle avx2 smep bmi2 invpcid rtm rdseed adx smap xsaveopt dtherm ida arat pln pts hwp hwp_notify hwp_act_window hwp_epp
bugs		:
bogomips	: 5202.00
clflush size	: 64
cache_alignment	: 64
address sizes	: 42 bits physical, 48 bits virtual
power management:

processor	: 2
vendor_id	: GenuineIntel
cpu family	: 6
model		: 94
model name	: Intel(R) Core(TM) i7-6700HQ CPU @ 2.60GHz
stepping	: 3
microcode	: 0x9e
cpu MHz		: 2601.000
cache size	: 6144 KB
physical id	: 4
siblings	: 1
core id		: 0
cpu cores	: 1
apicid		: 4
initial apicid	: 4
fpu		: yes
fpu_exception	: yes
cpuid level	: 22
wp		: yes
flags		: fpu vme de pse tsc msr pae mce cx8 apic sep mtrr pge mca cmov pat pse36 clflush dts mmx fxsr sse sse2 ss syscall nx pdpe1gb rdtscp lm constant_tsc arch_perfmon pebs bts nopl xtopology tsc_reliable nonstop_tsc aperfmperf eagerfpu pni pclmulqdq ssse3 fma cx16 pcid sse4_1 sse4_2 x2apic movbe popcnt tsc_deadline_timer aes xsave avx f16c rdrand hypervisor lahf_lm abm 3dnowprefetch epb fsgsbase tsc_adjust bmi1 hle avx2 smep bmi2 invpcid rtm rdseed adx smap xsaveopt dtherm ida arat pln pts hwp hwp_notify hwp_act_window hwp_epp
bugs		:
bogomips	: 5202.00
clflush size	: 64
cache_alignment	: 64
address sizes	: 42 bits physical, 48 bits virtual
power management:

processor	: 3
vendor_id	: GenuineIntel
cpu family	: 6
model		: 94
model name	: Intel(R) Core(TM) i7-6700HQ CPU @ 2.60GHz
stepping	: 3
microcode	: 0x9e
cpu MHz		: 2601.000
cache size	: 6144 KB
physical id	: 6
siblings	: 1
core id		: 0
cpu cores	: 1
apicid		: 6
initial apicid	: 6
fpu		: yes
fpu_exception	: yes
cpuid level	: 22
wp		: yes
flags		: fpu vme de pse tsc msr pae mce cx8 apic sep mtrr pge mca cmov pat pse36 clflush dts mmx fxsr sse sse2 ss syscall nx pdpe1gb rdtscp lm constant_tsc arch_perfmon pebs bts nopl xtopology tsc_reliable nonstop_tsc aperfmperf eagerfpu pni pclmulqdq ssse3 fma cx16 pcid sse4_1 sse4_2 x2apic movbe popcnt tsc_deadline_timer aes xsave avx f16c rdrand hypervisor lahf_lm abm 3dnowprefetch epb fsgsbase tsc_adjust bmi1 hle avx2 smep bmi2 invpcid rtm rdseed adx smap xsaveopt dtherm ida arat pln pts hwp hwp_notify hwp_act_window hwp_epp
bugs		:
bogomips	: 5202.00
clflush size	: 64
cache_alignment	: 64
address sizes	: 42 bits physical, 48 bits virtual
power management:

processor	: 4
vendor_id	: GenuineIntel
cpu family	: 6
model		: 94
model name	: Intel(R) Core(TM) i7-6700HQ CPU @ 2.60GHz
stepping	: 3
microcode	: 0x9e
cpu MHz		: 2601.000
cache size	: 6144 KB
physical id	: 8
siblings	: 1
core id		: 0
cpu cores	: 1
apicid		: 8
initial apicid	: 8
fpu		: yes
fpu_exception	: yes
cpuid level	: 22
wp		: yes
flags		: fpu vme de pse tsc msr pae mce cx8 apic sep mtrr pge mca cmov pat pse36 clflush dts mmx fxsr sse sse2 ss syscall nx pdpe1gb rdtscp lm constant_tsc arch_perfmon pebs bts nopl xtopology tsc_reliable nonstop_tsc aperfmperf eagerfpu pni pclmulqdq ssse3 fma cx16 pcid sse4_1 sse4_2 x2apic movbe popcnt tsc_deadline_timer aes xsave avx f16c rdrand hypervisor lahf_lm abm 3dnowprefetch epb fsgsbase tsc_adjust bmi1 hle avx2 smep bmi2 invpcid rtm rdseed adx smap xsaveopt dtherm ida arat pln pts hwp hwp_notify hwp_act_window hwp_epp
bugs		:
bogomips	: 5202.00
clflush size	: 64
cache_alignment	: 64
address sizes	: 42 bits physical, 48 bits virtual
power management:

processor	: 5
vendor_id	: GenuineIntel
cpu family	: 6
model		: 94
model name	: Intel(R) Core(TM) i7-6700HQ CPU @ 2.60GHz
stepping	: 3
microcode	: 0x9e
cpu MHz		: 2601.000
cache size	: 6144 KB
physical id	: 10
siblings	: 1
core id		: 0
cpu cores	: 1
apicid		: 10
initial apicid	: 10
fpu		: yes
fpu_exception	: yes
cpuid level	: 22
wp		: yes
flags		: fpu vme de pse tsc msr pae mce cx8 apic sep mtrr pge mca cmov pat pse36 clflush dts mmx fxsr sse sse2 ss syscall nx pdpe1gb rdtscp lm constant_tsc arch_perfmon pebs bts nopl xtopology tsc_reliable nonstop_tsc aperfmperf eagerfpu pni pclmulqdq ssse3 fma cx16 pcid sse4_1 sse4_2 x2apic movbe popcnt tsc_deadline_timer aes xsave avx f16c rdrand hypervisor lahf_lm abm 3dnowprefetch epb fsgsbase tsc_adjust bmi1 hle avx2 smep bmi2 invpcid rtm rdseed adx smap xsaveopt dtherm ida arat pln pts hwp hwp_notify hwp_act_window hwp_epp
bugs		:
bogomips	: 5202.00
clflush size	: 64
cache_alignment	: 64
address sizes	: 42 bits physical, 48 bits virtual
power management:

processor	: 6
vendor_id	: GenuineIntel
cpu family	: 6
model		: 94
model name	: Intel(R) Core(TM) i7-6700HQ CPU @ 2.60GHz
stepping	: 3
microcode	: 0x9e
cpu MHz		: 2601.000
cache size	: 6144 KB
physical id	: 12
siblings	: 1
core id		: 0
cpu cores	: 1
apicid		: 12
initial apicid	: 12
fpu		: yes
fpu_exception	: yes
cpuid level	: 22
wp		: yes
flags		: fpu vme de pse tsc msr pae mce cx8 apic sep mtrr pge mca cmov pat pse36 clflush dts mmx fxsr sse sse2 ss syscall nx pdpe1gb rdtscp lm constant_tsc arch_perfmon pebs bts nopl xtopology tsc_reliable nonstop_tsc aperfmperf eagerfpu pni pclmulqdq ssse3 fma cx16 pcid sse4_1 sse4_2 x2apic movbe popcnt tsc_deadline_timer aes xsave avx f16c rdrand hypervisor lahf_lm abm 3dnowprefetch epb fsgsbase tsc_adjust bmi1 hle avx2 smep bmi2 invpcid rtm rdseed adx smap xsaveopt dtherm ida arat pln pts hwp hwp_notify hwp_act_window hwp_epp
bugs		:
bogomips	: 5202.00
clflush size	: 64
cache_alignment	: 64
address sizes	: 42 bits physical, 48 bits virtual
power management:

processor	: 7
vendor_id	: GenuineIntel
cpu family	: 6
model		: 94
model name	: Intel(R) Core(TM) i7-6700HQ CPU @ 2.60GHz
stepping	: 3
microcode	: 0x9e
cpu MHz		: 2601.000
cache size	: 6144 KB
physical id	: 14
siblings	: 1
core id		: 0
cpu cores	: 1
apicid		: 14
initial apicid	: 14
fpu		: yes
fpu_exception	: yes
cpuid level	: 22
wp		: yes
flags		: fpu vme de pse tsc msr pae mce cx8 apic sep mtrr pge mca cmov pat pse36 clflush dts mmx fxsr sse sse2 ss syscall nx pdpe1gb rdtscp lm constant_tsc arch_perfmon pebs bts nopl xtopology tsc_reliable nonstop_tsc aperfmperf eagerfpu pni pclmulqdq ssse3 fma cx16 pcid sse4_1 sse4_2 x2apic movbe popcnt tsc_deadline_timer aes xsave avx f16c rdrand hypervisor lahf_lm abm 3dnowprefetch epb fsgsbase tsc_adjust bmi1 hle avx2 smep bmi2 invpcid rtm rdseed adx smap xsaveopt dtherm ida arat pln pts hwp hwp_notify hwp_act_window hwp_epp
bugs		:
bogomips	: 5202.00
clflush size	: 64
cache_alignment	: 64
address sizes	: 42 bits physical, 48 bits virtual
power management:



Memory: 4k page, physical 10068304k(142680k free), swap 8385532k(120k free)

vm_info: Java HotSpot(TM) 64-Bit Server VM (25.121-b13) for linux-amd64 JRE (1.8.0_121-b13), built on Dec 12 2016 16:36:53 by "java_re" with gcc 4.3.0 20080428 (Red Hat 4.3.0-8)

time: Tue Apr 11 13:33:17 2017
elapsed time: 0 seconds (0d 0h 0m 0s)

