#
# A fatal error has been detected by the Java Runtime Environment:
#
#  Internal Error (sharedRuntime.cpp:834), pid=6718, tid=0x00007f09996ae700
#  fatal error: exception happened outside interpreter, nmethods and vtable stubs at pc 0x00007f09e806be71
#
# JRE version: Java(TM) SE Runtime Environment (8.0_121-b13) (build 1.8.0_121-b13)
# Java VM: Java HotSpot(TM) 64-Bit Server VM (25.121-b13 mixed mode linux-amd64 compressed oops)
# Failed to write core dump. Core dumps have been disabled. To enable core dumping, try "ulimit -c unlimited" before starting Java again
#
# If you would like to submit a bug report, please visit:
#   http://bugreport.java.com/bugreport/crash.jsp
#

---------------  T H R E A D  ---------------

Current thread (0x00007f0984006800):  JavaThread "pool-2-thread-9" [_thread_in_Java, id=6762, stack(0x00007f09995ae000,0x00007f09996af000)]

Stack: [0x00007f09995ae000,0x00007f09996af000],  sp=0x00007f09996acb10,  free space=1018k
Native frames: (J=compiled Java code, j=interpreted, Vv=VM code, C=native code)
V  [libjvm.so+0xac703a]  VMError::report_and_die()+0x2ba
V  [libjvm.so+0x4fc3a9]  report_fatal(char const*, int, char const*)+0x59
V  [libjvm.so+0x9c262a]  SharedRuntime::continuation_for_implicit_exception(JavaThread*, unsigned char*, SharedRuntime::ImplicitExceptionKind)+0x33a
V  [libjvm.so+0x92a8fa]  JVM_handle_linux_signal+0x48a
V  [libjvm.so+0x920b03]  signalHandler(int, siginfo*, void*)+0x43
C  [libpthread.so.0+0x11390]
j  java.util.concurrent.ThreadPoolExecutor$Worker.run()V+5
j  java.lang.Thread.run()V+11
v  ~StubRoutines::call_stub
V  [libjvm.so+0x690dd6]  JavaCalls::call_helper(JavaValue*, methodHandle*, JavaCallArguments*, Thread*)+0x1056
V  [libjvm.so+0x6912e1]  JavaCalls::call_virtual(JavaValue*, KlassHandle, Symbol*, Symbol*, JavaCallArguments*, Thread*)+0x321
V  [libjvm.so+0x691787]  JavaCalls::call_virtual(JavaValue*, Handle, KlassHandle, Symbol*, Symbol*, Thread*)+0x47
V  [libjvm.so+0x72cb00]  thread_entry(JavaThread*, Thread*)+0xa0
V  [libjvm.so+0xa75543]  JavaThread::thread_main_inner()+0x103
V  [libjvm.so+0xa7568c]  JavaThread::run()+0x11c
V  [libjvm.so+0x926268]  java_start(Thread*)+0x108
C  [libpthread.so.0+0x76ba]


---------------  P R O C E S S  ---------------

Java Threads: ( => current thread )
=>0x00007f0984006800 JavaThread "pool-2-thread-9" [_thread_in_Java, id=6762, stack(0x00007f09995ae000,0x00007f09996af000)]
  0x00007f09f0851000 JavaThread "process reaper" daemon [_thread_blocked, id=6739, stack(0x00007f099b578000,0x00007f099b5b1000)]
  0x00007f09f0212000 JavaThread "Service Thread" daemon [_thread_blocked, id=6736, stack(0x00007f09e425c000,0x00007f09e435d000)]
  0x00007f09f020e800 JavaThread "C1 CompilerThread3" daemon [_thread_blocked, id=6735, stack(0x00007f09e435d000,0x00007f09e445e000)]
  0x00007f09f020c800 JavaThread "C2 CompilerThread2" daemon [_thread_in_native, id=6734, stack(0x00007f09e445e000,0x00007f09e455f000)]
  0x00007f09f020b000 JavaThread "C2 CompilerThread1" daemon [_thread_blocked, id=6733, stack(0x00007f09e455f000,0x00007f09e4660000)]
  0x00007f09f0208000 JavaThread "C2 CompilerThread0" daemon [_thread_blocked, id=6732, stack(0x00007f09e4660000,0x00007f09e4761000)]
  0x00007f09f0206800 JavaThread "Signal Dispatcher" daemon [_thread_blocked, id=6731, stack(0x00007f09e4761000,0x00007f09e4862000)]
  0x00007f09f01d3000 JavaThread "Finalizer" daemon [_thread_blocked, id=6730, stack(0x00007f09e4ced000,0x00007f09e4dee000)]
  0x00007f09f01ce800 JavaThread "Reference Handler" daemon [_thread_blocked, id=6729, stack(0x00007f09e4dee000,0x00007f09e4eef000)]
  0x00007f09f0009800 JavaThread "main" [_thread_blocked, id=6719, stack(0x00007f09f93cf000,0x00007f09f94d0000)]

Other Threads:
  0x00007f09f01c7000 VMThread [stack: 0x00007f09e4eef000,0x00007f09e4ff0000] [id=6728]
  0x00007f09f0214800 WatcherThread [stack: 0x00007f09e415b000,0x00007f09e425c000] [id=6737]

VM state:synchronizing (normal execution)

VM Mutex/Monitor currently owned by a thread:  ([mutex/lock_event])
[0x00007f09f0005e80] Safepoint_lock - owner thread: 0x00007f09f01c7000
[0x00007f09f0005f00] Threads_lock - owner thread: 0x00007f09f01c7000
[0x00007f09f0006400] Heap_lock - owner thread: 0x00007f09f0009800

Heap:
 PSYoungGen      total 305664K, used 233562K [0x00000000eab00000, 0x0000000100000000, 0x0000000100000000)
  eden space 262144K, 89% used [0x00000000eab00000,0x00000000f8f16b88,0x00000000fab00000)
  from space 43520K, 0% used [0x00000000fd580000,0x00000000fd580000,0x0000000100000000)
  to   space 43520K, 0% used [0x00000000fab00000,0x00000000fab00000,0x00000000fd580000)
 ParOldGen       total 699392K, used 17496K [0x00000000c0000000, 0x00000000eab00000, 0x00000000eab00000)
  object space 699392K, 2% used [0x00000000c0000000,0x00000000c1116168,0x00000000eab00000)
 Metaspace       used 42273K, capacity 42636K, committed 42920K, reserved 1083392K
  class space    used 7963K, capacity 8057K, committed 8104K, reserved 1048576K

Card table byte_map: [0x00007f09f612f000,0x00007f09f6330000] byte_map_base: 0x00007f09f5b2f000

Marking Bits: (ParMarkBitMap*) 0x00007f09f889ac80
 Begin Bits: [0x00007f09e6000000, 0x00007f09e7000000)
 End Bits:   [0x00007f09e7000000, 0x00007f09e8000000)

Polling page: 0x00007f09f94ea000

CodeCache: size=131072Kb used=10295Kb max_used=10907Kb free=120776Kb
 bounds [0x00007f09e8000000, 0x00007f09e8ac0000, 0x00007f09f0000000]
 total_blobs=4537 nmethods=4090 adapters=358
 compilation: enabled

Compilation events (10 events):
Event: 4.242 Thread 0x00007f09f020e800 4507       3       scala.collection.convert.Wrappers$JMapWrapperLike$$anon$2::next (33 bytes)
Event: 4.242 Thread 0x00007f09f020e800 nmethod 4507 0x00007f09e8779cd0 code [0x00007f09e8779ea0, 0x00007f09e877a568]
Event: 4.242 Thread 0x00007f09f020e800 4508       3       java.util.IdentityHashMap$EntryIterator::next (5 bytes)
Event: 4.242 Thread 0x00007f09f020e800 nmethod 4508 0x00007f09e8614e50 code [0x00007f09e8614fe0, 0x00007f09e8615428]
Event: 4.242 Thread 0x00007f09f020e800 4509       3       scala.collection.convert.Wrappers$JMapWrapperLike$$anon$2::hasNext (10 bytes)
Event: 4.243 Thread 0x00007f09f020e800 nmethod 4509 0x00007f09e839ad90 code [0x00007f09e839af00, 0x00007f09e839b128]
Event: 4.243 Thread 0x00007f09f020e800 4510       3       scala.collection.mutable.ArrayBuffer::$plus$plus$eq (6 bytes)
Event: 4.243 Thread 0x00007f09f020e800 nmethod 4510 0x00007f09e8189310 code [0x00007f09e8189480, 0x00007f09e8189628]
Event: 4.243 Thread 0x00007f09f020e800 4511       1       sbt.Keys$::transformState (5 bytes)
Event: 4.243 Thread 0x00007f09f020e800 nmethod 4511 0x00007f09e833bd10 code [0x00007f09e833be60, 0x00007f09e833bf70]

GC Heap History (8 events):
Event: 1.358 GC heap before
{Heap before GC invocations=1 (full 0):
 PSYoungGen      total 305664K, used 94395K [0x00000000eab00000, 0x0000000100000000, 0x0000000100000000)
  eden space 262144K, 36% used [0x00000000eab00000,0x00000000f072eca8,0x00000000fab00000)
  from space 43520K, 0% used [0x00000000fd580000,0x00000000fd580000,0x0000000100000000)
  to   space 43520K, 0% used [0x00000000fab00000,0x00000000fab00000,0x00000000fd580000)
 ParOldGen       total 699392K, used 0K [0x00000000c0000000, 0x00000000eab00000, 0x00000000eab00000)
  object space 699392K, 0% used [0x00000000c0000000,0x00000000c0000000,0x00000000eab00000)
 Metaspace       used 20943K, capacity 21190K, committed 21296K, reserved 1067008K
  class space    used 3578K, capacity 3668K, committed 3712K, reserved 1048576K
Event: 1.374 GC heap after
Heap after GC invocations=1 (full 0):
 PSYoungGen      total 305664K, used 15727K [0x00000000eab00000, 0x0000000100000000, 0x0000000100000000)
  eden space 262144K, 0% used [0x00000000eab00000,0x00000000eab00000,0x00000000fab00000)
  from space 43520K, 36% used [0x00000000fab00000,0x00000000fba5bc18,0x00000000fd580000)
  to   space 43520K, 0% used [0x00000000fd580000,0x00000000fd580000,0x0000000100000000)
 ParOldGen       total 699392K, used 16K [0x00000000c0000000, 0x00000000eab00000, 0x00000000eab00000)
  object space 699392K, 0% used [0x00000000c0000000,0x00000000c0004000,0x00000000eab00000)
 Metaspace       used 20943K, capacity 21190K, committed 21296K, reserved 1067008K
  class space    used 3578K, capacity 3668K, committed 3712K, reserved 1048576K
}
Event: 1.374 GC heap before
{Heap before GC invocations=2 (full 1):
 PSYoungGen      total 305664K, used 15727K [0x00000000eab00000, 0x0000000100000000, 0x0000000100000000)
  eden space 262144K, 0% used [0x00000000eab00000,0x00000000eab00000,0x00000000fab00000)
  from space 43520K, 36% used [0x00000000fab00000,0x00000000fba5bc18,0x00000000fd580000)
  to   space 43520K, 0% used [0x00000000fd580000,0x00000000fd580000,0x0000000100000000)
 ParOldGen       total 699392K, used 16K [0x00000000c0000000, 0x00000000eab00000, 0x00000000eab00000)
  object space 699392K, 0% used [0x00000000c0000000,0x00000000c0004000,0x00000000eab00000)
 Metaspace       used 20943K, capacity 21190K, committed 21296K, reserved 1067008K
  class space    used 3578K, capacity 3668K, committed 3712K, reserved 1048576K
Event: 1.402 GC heap after
Heap after GC invocations=2 (full 1):
 PSYoungGen      total 305664K, used 0K [0x00000000eab00000, 0x0000000100000000, 0x0000000100000000)
  eden space 262144K, 0% used [0x00000000eab00000,0x00000000eab00000,0x00000000fab00000)
  from space 43520K, 0% used [0x00000000fab00000,0x00000000fab00000,0x00000000fd580000)
  to   space 43520K, 0% used [0x00000000fd580000,0x00000000fd580000,0x0000000100000000)
 ParOldGen       total 699392K, used 14995K [0x00000000c0000000, 0x00000000eab00000, 0x00000000eab00000)
  object space 699392K, 2% used [0x00000000c0000000,0x00000000c0ea4d88,0x00000000eab00000)
 Metaspace       used 20943K, capacity 21190K, committed 21296K, reserved 1067008K
  class space    used 3578K, capacity 3668K, committed 3712K, reserved 1048576K
}
Event: 2.877 GC heap before
{Heap before GC invocations=3 (full 1):
 PSYoungGen      total 305664K, used 110109K [0x00000000eab00000, 0x0000000100000000, 0x0000000100000000)
  eden space 262144K, 42% used [0x00000000eab00000,0x00000000f16875c0,0x00000000fab00000)
  from space 43520K, 0% used [0x00000000fab00000,0x00000000fab00000,0x00000000fd580000)
  to   space 43520K, 0% used [0x00000000fd580000,0x00000000fd580000,0x0000000100000000)
 ParOldGen       total 699392K, used 14995K [0x00000000c0000000, 0x00000000eab00000, 0x00000000eab00000)
  object space 699392K, 2% used [0x00000000c0000000,0x00000000c0ea4d88,0x00000000eab00000)
 Metaspace       used 35185K, capacity 35432K, committed 35496K, reserved 1079296K
  class space    used 6195K, capacity 6280K, committed 6312K, reserved 1048576K
Event: 2.895 GC heap after
Heap after GC invocations=3 (full 1):
 PSYoungGen      total 305664K, used 14483K [0x00000000eab00000, 0x0000000100000000, 0x0000000100000000)
  eden space 262144K, 0% used [0x00000000eab00000,0x00000000eab00000,0x00000000fab00000)
  from space 43520K, 33% used [0x00000000fd580000,0x00000000fe3a4ed0,0x0000000100000000)
  to   space 43520K, 0% used [0x00000000fab00000,0x00000000fab00000,0x00000000fd580000)
 ParOldGen       total 699392K, used 15003K [0x00000000c0000000, 0x00000000eab00000, 0x00000000eab00000)
  object space 699392K, 2% used [0x00000000c0000000,0x00000000c0ea6d88,0x00000000eab00000)
 Metaspace       used 35185K, capacity 35432K, committed 35496K, reserved 1079296K
  class space    used 6195K, capacity 6280K, committed 6312K, reserved 1048576K
}
Event: 2.895 GC heap before
{Heap before GC invocations=4 (full 2):
 PSYoungGen      total 305664K, used 14483K [0x00000000eab00000, 0x0000000100000000, 0x0000000100000000)
  eden space 262144K, 0% used [0x00000000eab00000,0x00000000eab00000,0x00000000fab00000)
  from space 43520K, 33% used [0x00000000fd580000,0x00000000fe3a4ed0,0x0000000100000000)
  to   space 43520K, 0% used [0x00000000fab00000,0x00000000fab00000,0x00000000fd580000)
 ParOldGen       total 699392K, used 15003K [0x00000000c0000000, 0x00000000eab00000, 0x00000000eab00000)
  object space 699392K, 2% used [0x00000000c0000000,0x00000000c0ea6d88,0x00000000eab00000)
 Metaspace       used 35185K, capacity 35432K, committed 35496K, reserved 1079296K
  class space    used 6195K, capacity 6280K, committed 6312K, reserved 1048576K
Event: 2.922 GC heap after
Heap after GC invocations=4 (full 2):
 PSYoungGen      total 305664K, used 0K [0x00000000eab00000, 0x0000000100000000, 0x0000000100000000)
  eden space 262144K, 0% used [0x00000000eab00000,0x00000000eab00000,0x00000000fab00000)
  from space 43520K, 0% used [0x00000000fd580000,0x00000000fd580000,0x0000000100000000)
  to   space 43520K, 0% used [0x00000000fab00000,0x00000000fab00000,0x00000000fd580000)
 ParOldGen       total 699392K, used 17496K [0x00000000c0000000, 0x00000000eab00000, 0x00000000eab00000)
  object space 699392K, 2% used [0x00000000c0000000,0x00000000c1116168,0x00000000eab00000)
 Metaspace       used 35169K, capacity 35390K, committed 35496K, reserved 1079296K
  class space    used 6191K, capacity 6266K, committed 6312K, reserved 1048576K
}

Deoptimization events (10 events):
Event: 4.221 Thread 0x00007f09f20c5000 Uncommon trap: reason=class_check action=maybe_recompile pc=0x00007f09e8a5a290 method=sbinary.JavaOutput.writeAll([BII)V @ 7
Event: 4.221 Thread 0x00007f09f20c5000 Uncommon trap: reason=class_check action=maybe_recompile pc=0x00007f09e8a61398 method=sbinary.Generic$$anon$2.writes(Lsbinary/Output;Lscala/collection/Traversable;)V @ 17
Event: 4.221 Thread 0x00007f09f20c5000 Uncommon trap: reason=class_check action=maybe_recompile pc=0x00007f09e8a4f75c method=sbinary.JavaOutput.writeByte(B)V @ 5
Event: 4.221 Thread 0x00007f09f20c5000 Uncommon trap: reason=class_check action=maybe_recompile pc=0x00007f09e8a5a290 method=sbinary.JavaOutput.writeAll([BII)V @ 7
Event: 4.221 Thread 0x00007f09f20c5000 Uncommon trap: reason=class_check action=maybe_recompile pc=0x00007f09e8a61398 method=sbinary.Generic$$anon$2.writes(Lsbinary/Output;Lscala/collection/Traversable;)V @ 17
Event: 4.221 Thread 0x00007f09f20c5000 Uncommon trap: reason=class_check action=maybe_recompile pc=0x00007f09e8a553d4 method=sbinary.JavaOutput.writeByte(B)V @ 5
Event: 4.221 Thread 0x00007f09f20c5000 Uncommon trap: reason=class_check action=maybe_recompile pc=0x00007f09e8a5a290 method=sbinary.JavaOutput.writeAll([BII)V @ 7
Event: 4.221 Thread 0x00007f09f20c5000 Uncommon trap: reason=class_check action=maybe_recompile pc=0x00007f09e8a61398 method=sbinary.Generic$$anon$2.writes(Lsbinary/Output;Lscala/collection/Traversable;)V @ 17
Event: 4.221 Thread 0x00007f09f20c5000 Uncommon trap: reason=class_check action=maybe_recompile pc=0x00007f09e8a5a290 method=sbinary.JavaOutput.writeAll([BII)V @ 7
Event: 4.221 Thread 0x00007f09f20c5000 Uncommon trap: reason=class_check action=maybe_recompile pc=0x00007f09e8a56a38 method=sbinary.Generic$$anon$2.writes(Lsbinary/Output;Lscala/collection/Traversable;)V @ 17

Internal exceptions (10 events):
Event: 3.879 Thread 0x00007f09f20c5000 Exception <a 'java/lang/NoSuchMethodError': <clinit>> (0x00000000f3360860) thrown at [/HUDSON3/workspace/8-2-build-linux-amd64/jdk8u121/8372/hotspot/src/share/vm/prims/jni.cpp, line 1613]
Event: 3.880 Thread 0x00007f09f20c5000 Exception <a 'java/lang/NoSuchMethodError': <clinit>> (0x00000000f3371c98) thrown at [/HUDSON3/workspace/8-2-build-linux-amd64/jdk8u121/8372/hotspot/src/share/vm/prims/jni.cpp, line 1613]
Event: 3.880 Thread 0x00007f09f20c5000 Exception <a 'java/lang/NoSuchMethodError': <clinit>> (0x00000000f337be78) thrown at [/HUDSON3/workspace/8-2-build-linux-amd64/jdk8u121/8372/hotspot/src/share/vm/prims/jni.cpp, line 1613]
Event: 3.882 Thread 0x00007f09f20c5000 Exception <a 'java/lang/NoSuchMethodError': <clinit>> (0x00000000f338e2f8) thrown at [/HUDSON3/workspace/8-2-build-linux-amd64/jdk8u121/8372/hotspot/src/share/vm/prims/jni.cpp, line 1613]
Event: 3.883 Thread 0x00007f09f20c5000 Exception <a 'java/lang/NoSuchMethodError': <clinit>> (0x00000000f33a1ae8) thrown at [/HUDSON3/workspace/8-2-build-linux-amd64/jdk8u121/8372/hotspot/src/share/vm/prims/jni.cpp, line 1613]
Event: 3.884 Thread 0x00007f09f20c5000 Exception <a 'java/lang/NoSuchMethodError': <clinit>> (0x00000000f33ad0a0) thrown at [/HUDSON3/workspace/8-2-build-linux-amd64/jdk8u121/8372/hotspot/src/share/vm/prims/jni.cpp, line 1613]
Event: 3.888 Thread 0x00007f09f20c5000 Exception <a 'java/lang/NoSuchMethodError': <clinit>> (0x00000000f33e5220) thrown at [/HUDSON3/workspace/8-2-build-linux-amd64/jdk8u121/8372/hotspot/src/share/vm/prims/jni.cpp, line 1613]
Event: 3.889 Thread 0x00007f09f20c5000 Exception <a 'java/lang/NoSuchMethodError': <clinit>> (0x00000000f33ef438) thrown at [/HUDSON3/workspace/8-2-build-linux-amd64/jdk8u121/8372/hotspot/src/share/vm/prims/jni.cpp, line 1613]
Event: 3.890 Thread 0x00007f09f20c5000 Exception <a 'java/lang/NoSuchMethodError': <clinit>> (0x00000000f33fed10) thrown at [/HUDSON3/workspace/8-2-build-linux-amd64/jdk8u121/8372/hotspot/src/share/vm/prims/jni.cpp, line 1613]
Event: 3.891 Thread 0x00007f09f20c5000 Exception <a 'java/lang/NoSuchMethodError': <clinit>> (0x00000000f3407878) thrown at [/HUDSON3/workspace/8-2-build-linux-amd64/jdk8u121/8372/hotspot/src/share/vm/prims/jni.cpp, line 1613]

Events (10 events):
Event: 4.247 Thread 0x00007f09f20c8000 Thread exited: 0x00007f09f20c8000
Event: 4.247 loading class sbt/GCUtil$$anonfun$forceGc$1
Event: 4.247 loading class sbt/GCUtil$$anonfun$forceGc$1 done
Event: 4.247 Thread 0x00007f09f20b2000 Thread exited: 0x00007f09f20b2000
Event: 4.247 Thread 0x00007f09f20b3000 Thread exited: 0x00007f09f20b3000
Event: 4.247 Thread 0x00007f09f20c6800 Thread exited: 0x00007f09f20c6800
Event: 4.248 Thread 0x00007f09f20c5000 Thread exited: 0x00007f09f20c5000
Event: 4.248 Thread 0x00007f09f20c4000 Thread exited: 0x00007f09f20c4000
Event: 4.248 Thread 0x00007f09f20c9800 Thread exited: 0x00007f09f20c9800
Event: 4.248 Thread 0x00007f0974009800 Thread exited: 0x00007f0974009800


Dynamic libraries:
00400000-00401000 r-xp 00000000 08:01 2764505                            /usr/lib/jvm/java-8-oracle/jre/bin/java
00600000-00601000 rw-p 00000000 08:01 2764505                            /usr/lib/jvm/java-8-oracle/jre/bin/java
016d9000-016fa000 rw-p 00000000 00:00 0                                  [heap]
c0000000-1007ea000 rw-p 00000000 00:00 0 
1007ea000-140000000 ---p 00000000 00:00 0 
7f096c000000-7f096c29a000 rw-p 00000000 00:00 0 
7f096c29a000-7f0970000000 ---p 00000000 00:00 0 
7f0970000000-7f0970021000 rw-p 00000000 00:00 0 
7f0970021000-7f0974000000 ---p 00000000 00:00 0 
7f0974000000-7f0974021000 rw-p 00000000 00:00 0 
7f0974021000-7f0978000000 ---p 00000000 00:00 0 
7f0978000000-7f0978021000 rw-p 00000000 00:00 0 
7f0978021000-7f097c000000 ---p 00000000 00:00 0 
7f097c000000-7f097c021000 rw-p 00000000 00:00 0 
7f097c021000-7f0980000000 ---p 00000000 00:00 0 
7f0980000000-7f0980021000 rw-p 00000000 00:00 0 
7f0980021000-7f0984000000 ---p 00000000 00:00 0 
7f0984000000-7f0984021000 rw-p 00000000 00:00 0 
7f0984021000-7f0988000000 ---p 00000000 00:00 0 
7f0988000000-7f0988135000 rw-p 00000000 00:00 0 
7f0988135000-7f098c000000 ---p 00000000 00:00 0 
7f098c000000-7f098c02a000 rw-p 00000000 00:00 0 
7f098c02a000-7f0990000000 ---p 00000000 00:00 0 
7f0990000000-7f0990021000 rw-p 00000000 00:00 0 
7f0990021000-7f0994000000 ---p 00000000 00:00 0 
7f0994000000-7f0994021000 rw-p 00000000 00:00 0 
7f0994021000-7f0998000000 ---p 00000000 00:00 0 
7f09992ad000-7f09994ad000 rw-p 00000000 00:00 0 
7f09994ad000-7f09994b0000 ---p 00000000 00:00 0 
7f09994b0000-7f09995ae000 rw-p 00000000 00:00 0 
7f09995ae000-7f09995b1000 ---p 00000000 00:00 0 
7f09995b1000-7f09998af000 rw-p 00000000 00:00 0 
7f09998af000-7f09998b2000 ---p 00000000 00:00 0 
7f09998b2000-7f09999b0000 rw-p 00000000 00:00 0 
7f09999b0000-7f09999b3000 ---p 00000000 00:00 0 
7f09999b3000-7f0999ab1000 rw-p 00000000 00:00 0 
7f0999ab1000-7f0999ab4000 ---p 00000000 00:00 0 
7f0999ab4000-7f0999bb2000 rw-p 00000000 00:00 0 
7f0999bb2000-7f0999bb5000 ---p 00000000 00:00 0 
7f0999bb5000-7f0999cb3000 rw-p 00000000 00:00 0 
7f0999cb3000-7f0999cb6000 ---p 00000000 00:00 0 
7f0999cb6000-7f0999db4000 rw-p 00000000 00:00 0 
7f0999db4000-7f0999db7000 ---p 00000000 00:00 0 
7f0999db7000-7f0999eb5000 rw-p 00000000 00:00 0 
7f0999eb5000-7f0999eb8000 ---p 00000000 00:00 0 
7f0999eb8000-7f0999fb6000 rw-p 00000000 00:00 0 
7f0999fb6000-7f0999fb9000 ---p 00000000 00:00 0 
7f0999fb9000-7f099a2b7000 rw-p 00000000 00:00 0 
7f099a2b7000-7f099a4b7000 rw-p 00000000 00:00 0 
7f099a4b7000-7f099a6b7000 rw-p 00000000 00:00 0 
7f099a6b7000-7f099a6ca000 r--s 00345000 08:01 2764454                    /usr/lib/jvm/java-8-oracle/jre/lib/resources.jar
7f099a6fa000-7f099a8fa000 rw-p 00000000 00:00 0 
7f099a8fa000-7f099aafa000 rw-p 00000000 00:00 0 
7f099aafa000-7f099acfa000 rw-p 00000000 00:00 0 
7f099acfa000-7f099aefa000 rw-p 00000000 00:00 0 
7f099aefa000-7f099b0fa000 rw-p 00000000 00:00 0 
7f099b0fa000-7f099b174000 r--s 010f6000 08:01 2763356                    /usr/lib/jvm/java-8-oracle/lib/tools.jar
7f099b174000-7f099b374000 rw-p 00000000 00:00 0 
7f099b374000-7f099b574000 rw-p 00000000 00:00 0 
7f099b574000-7f099b578000 r--s 0009a000 08:01 2764174                    /usr/lib/jvm/java-8-oracle/jre/lib/jsse.jar
7f099b578000-7f099b57b000 ---p 00000000 00:00 0 
7f099b57b000-7f099b5b1000 rw-p 00000000 00:00 0 
7f099b5b1000-7f099b5b3000 r--s 0000b000 08:01 403078                     /home/yuan/.sbt/boot/scala-2.10.6/org.scala-sbt/sbt/0.13.11/xsbti/interface-0.13.11.jar
7f099b5b3000-7f099b5b5000 r--s 00002000 08:01 403204                     /home/yuan/.sbt/boot/scala-2.10.6/org.scala-sbt/sbt/0.13.11/control-0.13.11.jar
7f099b5b5000-7f099b5b7000 r--s 00012000 08:01 403200                     /home/yuan/.sbt/boot/scala-2.10.6/org.scala-sbt/sbt/0.13.11/jawn-parser_2.10-0.6.0.jar
7f099b5b7000-7f099b7b7000 rw-p 00000000 00:00 0 
7f099b7b7000-7f099b7d9000 r--s 001bc000 08:01 403202                     /home/yuan/.sbt/boot/scala-2.10.6/org.scala-sbt/sbt/0.13.11/ivy-0.13.11.jar
7f099b7d9000-7f099b8d7000 r--s 00cd0000 08:01 403223                     /home/yuan/.sbt/boot/scala-2.10.6/lib/scala-compiler.jar
7f099b8d7000-7f099b8e8000 r-xp 00000000 08:01 2764255                    /usr/lib/jvm/java-8-oracle/jre/lib/amd64/libnio.so
7f099b8e8000-7f099bae7000 ---p 00011000 08:01 2764255                    /usr/lib/jvm/java-8-oracle/jre/lib/amd64/libnio.so
7f099bae7000-7f099bae8000 rw-p 00010000 08:01 2764255                    /usr/lib/jvm/java-8-oracle/jre/lib/amd64/libnio.so
7f099bae8000-7f099bde9000 rw-p 00000000 00:00 0 
7f099bde9000-7f099bdff000 r-xp 00000000 08:01 2764230                    /usr/lib/jvm/java-8-oracle/jre/lib/amd64/libnet.so
7f099bdff000-7f099bfff000 ---p 00016000 08:01 2764230                    /usr/lib/jvm/java-8-oracle/jre/lib/amd64/libnet.so
7f099bfff000-7f099c000000 rw-p 00016000 08:01 2764230                    /usr/lib/jvm/java-8-oracle/jre/lib/amd64/libnet.so
7f099c000000-7f099c021000 rw-p 00000000 00:00 0 
7f099c021000-7f09a0000000 ---p 00000000 00:00 0 
7f09a0000000-7f09a0021000 rw-p 00000000 00:00 0 
7f09a0021000-7f09a4000000 ---p 00000000 00:00 0 
7f09a4000000-7f09a52de000 rw-p 00000000 00:00 0 
7f09a52de000-7f09a8000000 ---p 00000000 00:00 0 
7f09a8000000-7f09a8c80000 rw-p 00000000 00:00 0 
7f09a8c80000-7f09ac000000 ---p 00000000 00:00 0 
7f09ac000000-7f09ada02000 rw-p 00000000 00:00 0 
7f09ada02000-7f09b0000000 ---p 00000000 00:00 0 
7f09b0000000-7f09b125e000 rw-p 00000000 00:00 0 
7f09b125e000-7f09b4000000 ---p 00000000 00:00 0 
7f09b4000000-7f09b4021000 rw-p 00000000 00:00 0 
7f09b4021000-7f09b8000000 ---p 00000000 00:00 0 
7f09b8000000-7f09b8021000 rw-p 00000000 00:00 0 
7f09b8021000-7f09bc000000 ---p 00000000 00:00 0 
7f09bc000000-7f09bc021000 rw-p 00000000 00:00 0 
7f09bc021000-7f09c0000000 ---p 00000000 00:00 0 
7f09c0000000-7f09c0021000 rw-p 00000000 00:00 0 
7f09c0021000-7f09c4000000 ---p 00000000 00:00 0 
7f09c4000000-7f09c4021000 rw-p 00000000 00:00 0 
7f09c4021000-7f09c8000000 ---p 00000000 00:00 0 
7f09c8000000-7f09c8021000 rw-p 00000000 00:00 0 
7f09c8021000-7f09cc000000 ---p 00000000 00:00 0 
7f09cc000000-7f09cc021000 rw-p 00000000 00:00 0 
7f09cc021000-7f09d0000000 ---p 00000000 00:00 0 
7f09d0000000-7f09d0021000 rw-p 00000000 00:00 0 
7f09d0021000-7f09d4000000 ---p 00000000 00:00 0 
7f09d4000000-7f09d4021000 rw-p 00000000 00:00 0 
7f09d4021000-7f09d8000000 ---p 00000000 00:00 0 
7f09d8000000-7f09d8021000 rw-p 00000000 00:00 0 
7f09d8021000-7f09dc000000 ---p 00000000 00:00 0 
7f09dc000000-7f09dc021000 rw-p 00000000 00:00 0 
7f09dc021000-7f09e0000000 ---p 00000000 00:00 0 
7f09e0000000-7f09e0024000 rw-p 00000000 00:00 0 
7f09e0024000-7f09e4000000 ---p 00000000 00:00 0 
7f09e4000000-7f09e4001000 r--p 00000000 08:01 528079                     /usr/share/locale-langpack/en_GB/LC_MESSAGES/libc.mo
7f09e4001000-7f09e4004000 r--s 00018000 08:01 403203                     /home/yuan/.sbt/boot/scala-2.10.6/org.scala-sbt/sbt/0.13.11/logging-0.13.11.jar
7f09e4004000-7f09e4008000 r--s 0001c000 08:01 403182                     /home/yuan/.sbt/boot/scala-2.10.6/org.scala-sbt/sbt/0.13.11/compiler-integration-0.13.11.jar
7f09e4008000-7f09e400b000 r--s 0001d000 08:01 403184                     /home/yuan/.sbt/boot/scala-2.10.6/org.scala-sbt/sbt/0.13.11/task-system-0.13.11.jar
7f09e400b000-7f09e4013000 r--s 00057000 08:01 403185                     /home/yuan/.sbt/boot/scala-2.10.6/org.scala-sbt/sbt/0.13.11/completion-0.13.11.jar
7f09e4013000-7f09e401d000 r--s 0006e000 08:01 403215                     /home/yuan/.sbt/boot/scala-2.10.6/org.scala-sbt/sbt/0.13.11/incremental-compiler-0.13.11.jar
7f09e401d000-7f09e401f000 r--s 0000e000 08:01 403201                     /home/yuan/.sbt/boot/scala-2.10.6/org.scala-sbt/sbt/0.13.11/logic-0.13.11.jar
7f09e401f000-7f09e402a000 r--s 00097000 08:01 403050                     /home/yuan/.sbt/boot/scala-2.10.6/org.scala-sbt/sbt/0.13.11/main-settings-0.13.11.jar
7f09e402a000-7f09e402e000 r--s 00022000 08:01 403208                     /home/yuan/.sbt/boot/scala-2.10.6/org.scala-sbt/sbt/0.13.11/sbinary_2.10-0.4.2.jar
7f09e402e000-7f09e4030000 r--s 00006000 08:01 403191                     /home/yuan/.sbt/boot/scala-2.10.6/org.scala-sbt/sbt/0.13.11/relation-0.13.11.jar
7f09e4030000-7f09e4032000 r--s 00014000 08:01 403052                     /home/yuan/.sbt/boot/scala-2.10.6/org.scala-sbt/sbt/0.13.11/apply-macro-0.13.11.jar
7f09e4032000-7f09e4036000 r--s 0001b000 08:01 403176                     /home/yuan/.sbt/boot/scala-2.10.6/org.scala-sbt/sbt/0.13.11/process-0.13.11.jar
7f09e4036000-7f09e403d000 r--s 0003f000 08:01 403179                     /home/yuan/.sbt/boot/scala-2.10.6/org.scala-sbt/sbt/0.13.11/io-0.13.11.jar
7f09e403d000-7f09e403e000 r--s 00005000 08:01 403199                     /home/yuan/.sbt/boot/scala-2.10.6/org.scala-sbt/sbt/0.13.11/test-agent-0.13.11.jar
7f09e403e000-7f09e4041000 r--s 0001a000 08:01 403181                     /home/yuan/.sbt/boot/scala-2.10.6/org.scala-sbt/sbt/0.13.11/cache-0.13.11.jar
7f09e4041000-7f09e4043000 r--s 00002000 08:01 403206                     /home/yuan/.sbt/boot/scala-2.10.6/org.scala-sbt/sbt/0.13.11/test-interface-1.0.jar
7f09e4043000-7f09e404d000 r--s 00085000 08:01 403211                     /home/yuan/.sbt/boot/scala-2.10.6/org.scala-sbt/sbt/0.13.11/json4s-core_2.10-3.2.10.jar
7f09e404d000-7f09e404e000 r--s 00002000 08:01 403194                     /home/yuan/.sbt/boot/scala-2.10.6/org.scala-sbt/sbt/0.13.11/launcher-interface-1.0.0-M1.jar
7f09e404e000-7f09e4054000 r--s 00038000 08:01 403187                     /home/yuan/.sbt/boot/scala-2.10.6/org.scala-sbt/sbt/0.13.11/compiler-interface-0.13.11.jar
7f09e4054000-7f09e405c000 r--s 00060000 08:01 403190                     /home/yuan/.sbt/boot/scala-2.10.6/org.scala-sbt/sbt/0.13.11/collections-0.13.11.jar
7f09e405c000-7f09e405e000 r--s 00007000 08:01 403205                     /home/yuan/.sbt/boot/scala-2.10.6/org.scala-sbt/sbt/0.13.11/paranamer-2.6.jar
7f09e405e000-7f09e4060000 r--s 00017000 08:01 403207                     /home/yuan/.sbt/boot/scala-2.10.6/org.scala-sbt/sbt/0.13.11/testing-0.13.11.jar
7f09e4060000-7f09e4063000 r--s 00013000 08:01 403214                     /home/yuan/.sbt/boot/scala-2.10.6/org.scala-sbt/sbt/0.13.11/classpath-0.13.11.jar
7f09e4063000-7f09e4098000 r--s 002da000 08:01 403188                     /home/yuan/.sbt/boot/scala-2.10.6/org.scala-sbt/sbt/0.13.11/scala-reflect-2.10.6.jar
7f09e4098000-7f09e40a1000 r--s 0006f000 08:01 403192                     /home/yuan/.sbt/boot/scala-2.10.6/org.scala-sbt/sbt/0.13.11/actions-0.13.11.jar
7f09e40a1000-7f09e40a6000 r--s 00024000 08:01 403197                     /home/yuan/.sbt/boot/scala-2.10.6/org.scala-sbt/sbt/0.13.11/persist-0.13.11.jar
7f09e40a6000-7f09e40bb000 r--s 00101000 08:01 403195                     /home/yuan/.sbt/boot/scala-2.10.6/org.scala-sbt/sbt/0.13.11/ivy-2.3.0-sbt-2cc8d2761242b072cedb0a04cb39435c4fa24f9a.jar
7f09e40bb000-7f09e40c2000 r--s 0004b000 08:01 403168                     /home/yuan/.sbt/boot/scala-2.10.6/org.scala-sbt/sbt/0.13.11/serialization_2.10-0.1.2.jar
7f09e40c2000-7f09e40c4000 r--s 0001a000 08:01 403174                     /home/yuan/.sbt/boot/scala-2.10.6/org.scala-sbt/sbt/0.13.11/jansi-1.11.jar
7f09e40c4000-7f09e40c9000 r--s 00037000 08:01 403212                     /home/yuan/.sbt/boot/scala-2.10.6/org.scala-sbt/sbt/0.13.11/command-0.13.11.jar
7f09e40c9000-7f09e40cf000 r--s 00040000 08:01 402400                     /home/yuan/.sbt/boot/scala-2.10.6/org.scala-sbt/sbt/0.13.11/api-0.13.11.jar
7f09e40cf000-7f09e40d1000 r--s 00001000 08:01 403186                     /home/yuan/.sbt/boot/scala-2.10.6/org.scala-sbt/sbt/0.13.11/cross-0.13.11.jar
7f09e40d1000-7f09e40d5000 r--s 00039000 08:01 403218                     /home/yuan/.sbt/boot/scala-2.10.6/org.scala-sbt/sbt/0.13.11/jline-2.13.jar
7f09e40d5000-7f09e40d9000 r--s 0001d000 08:01 403219                     /home/yuan/.sbt/boot/scala-2.10.6/org.scala-sbt/sbt/0.13.11/tasks-0.13.11.jar
7f09e40d9000-7f09e40dc000 r--s 0001e000 08:01 403198                     /home/yuan/.sbt/boot/scala-2.10.6/org.scala-sbt/sbt/0.13.11/run-0.13.11.jar
7f09e40dc000-7f09e40e8000 r--s 000a4000 08:01 403189                     /home/yuan/.sbt/boot/scala-2.10.6/org.scala-sbt/sbt/0.13.11/quasiquotes_2.10-2.0.1.jar
7f09e40e8000-7f09e415b000 r--s 0065b000 08:01 403221                     /home/yuan/.sbt/boot/scala-2.10.6/lib/scala-library.jar
7f09e415b000-7f09e415c000 ---p 00000000 00:00 0 
7f09e415c000-7f09e425c000 rw-p 00000000 00:00 0 
7f09e425c000-7f09e425f000 ---p 00000000 00:00 0 
7f09e425f000-7f09e435d000 rw-p 00000000 00:00 0 
7f09e435d000-7f09e4360000 ---p 00000000 00:00 0 
7f09e4360000-7f09e445e000 rw-p 00000000 00:00 0 
7f09e445e000-7f09e4461000 ---p 00000000 00:00 0 
7f09e4461000-7f09e455f000 rw-p 00000000 00:00 0 
7f09e455f000-7f09e4562000 ---p 00000000 00:00 0 
7f09e4562000-7f09e4660000 rw-p 00000000 00:00 0 
7f09e4660000-7f09e4663000 ---p 00000000 00:00 0 
7f09e4663000-7f09e4761000 rw-p 00000000 00:00 0 
7f09e4761000-7f09e4764000 ---p 00000000 00:00 0 
7f09e4764000-7f09e4862000 rw-p 00000000 00:00 0 
7f09e4862000-7f09e4ced000 r--p 00000000 08:01 2625971                    /usr/lib/locale/locale-archive
7f09e4ced000-7f09e4cf0000 ---p 00000000 00:00 0 
7f09e4cf0000-7f09e4dee000 rw-p 00000000 00:00 0 
7f09e4dee000-7f09e4df1000 ---p 00000000 00:00 0 
7f09e4df1000-7f09e4eef000 rw-p 00000000 00:00 0 
7f09e4eef000-7f09e4ef0000 ---p 00000000 00:00 0 
7f09e4ef0000-7f09e8000000 rw-p 00000000 00:00 0 
7f09e8000000-7f09e8ac0000 rwxp 00000000 00:00 0 
7f09e8ac0000-7f09f0000000 ---p 00000000 00:00 0 
7f09f0000000-7f09f20cd000 rw-p 00000000 00:00 0 
7f09f20cd000-7f09f4000000 ---p 00000000 00:00 0 
7f09f4000000-7f09f4001000 r--s 00001000 08:01 403180                     /home/yuan/.sbt/boot/scala-2.10.6/org.scala-sbt/sbt/0.13.11/json4s-support_2.10-0.6.0.jar
7f09f4001000-7f09f402e000 r--s 00242000 08:01 403193                     /home/yuan/.sbt/boot/scala-2.10.6/org.scala-sbt/sbt/0.13.11/main-0.13.11.jar
7f09f402e000-7f09f4030000 r--s 00015000 08:01 403217                     /home/yuan/.sbt/boot/scala-2.10.6/org.scala-sbt/sbt/0.13.11/classfile-0.13.11.jar
7f09f4030000-7f09f4032000 r--s 0000b000 08:01 403196                     /home/yuan/.sbt/boot/scala-2.10.6/org.scala-sbt/sbt/0.13.11/tracking-0.13.11.jar
7f09f4032000-7f09f4040000 r--s 000bc000 08:01 403183                     /home/yuan/.sbt/boot/scala-2.10.6/org.scala-sbt/sbt/0.13.11/scala-pickling_2.10-0.10.1.jar
7f09f4040000-7f09f4042000 r--s 00007000 08:01 403216                     /home/yuan/.sbt/boot/scala-2.10.6/org.scala-sbt/sbt/0.13.11/compiler-ivy-integration-0.13.11.jar
7f09f4042000-7f09f4077000 r--s 002da000 08:01 403225                     /home/yuan/.sbt/boot/scala-2.10.6/lib/scala-reflect.jar
7f09f4077000-7f09f4b82000 rw-p 00000000 00:00 0 
7f09f4b82000-7f09f4d5b000 r--s 03d3e000 08:01 2764222                    /usr/lib/jvm/java-8-oracle/jre/lib/rt.jar
7f09f4d5b000-7f09f57d1000 rw-p 00000000 00:00 0 
7f09f57d1000-7f09f57d2000 ---p 00000000 00:00 0 
7f09f57d2000-7f09f58d2000 rw-p 00000000 00:00 0 
7f09f58d2000-7f09f58d3000 ---p 00000000 00:00 0 
7f09f58d3000-7f09f59d3000 rw-p 00000000 00:00 0 
7f09f59d3000-7f09f59d4000 ---p 00000000 00:00 0 
7f09f59d4000-7f09f5ad4000 rw-p 00000000 00:00 0 
7f09f5ad4000-7f09f5ad5000 ---p 00000000 00:00 0 
7f09f5ad5000-7f09f5bd5000 rw-p 00000000 00:00 0 
7f09f5bd5000-7f09f5bd6000 ---p 00000000 00:00 0 
7f09f5bd6000-7f09f5cd6000 rw-p 00000000 00:00 0 
7f09f5cd6000-7f09f5cd7000 ---p 00000000 00:00 0 
7f09f5cd7000-7f09f5dd7000 rw-p 00000000 00:00 0 
7f09f5dd7000-7f09f5dd8000 ---p 00000000 00:00 0 
7f09f5dd8000-7f09f5ed8000 rw-p 00000000 00:00 0 
7f09f5ed8000-7f09f5ed9000 ---p 00000000 00:00 0 
7f09f5ed9000-7f09f635b000 rw-p 00000000 00:00 0 
7f09f635b000-7f09f6530000 ---p 00000000 00:00 0 
7f09f6530000-7f09f654a000 r-xp 00000000 08:01 2764253                    /usr/lib/jvm/java-8-oracle/jre/lib/amd64/libzip.so
7f09f654a000-7f09f674a000 ---p 0001a000 08:01 2764253                    /usr/lib/jvm/java-8-oracle/jre/lib/amd64/libzip.so
7f09f674a000-7f09f674b000 rw-p 0001a000 08:01 2764253                    /usr/lib/jvm/java-8-oracle/jre/lib/amd64/libzip.so
7f09f674b000-7f09f6756000 r-xp 00000000 08:01 1575771                    /lib/x86_64-linux-gnu/libnss_files-2.23.so
7f09f6756000-7f09f6955000 ---p 0000b000 08:01 1575771                    /lib/x86_64-linux-gnu/libnss_files-2.23.so
7f09f6955000-7f09f6956000 r--p 0000a000 08:01 1575771                    /lib/x86_64-linux-gnu/libnss_files-2.23.so
7f09f6956000-7f09f6957000 rw-p 0000b000 08:01 1575771                    /lib/x86_64-linux-gnu/libnss_files-2.23.so
7f09f6957000-7f09f695d000 rw-p 00000000 00:00 0 
7f09f695d000-7f09f6968000 r-xp 00000000 08:01 1575756                    /lib/x86_64-linux-gnu/libnss_nis-2.23.so
7f09f6968000-7f09f6b67000 ---p 0000b000 08:01 1575756                    /lib/x86_64-linux-gnu/libnss_nis-2.23.so
7f09f6b67000-7f09f6b68000 r--p 0000a000 08:01 1575756                    /lib/x86_64-linux-gnu/libnss_nis-2.23.so
7f09f6b68000-7f09f6b69000 rw-p 0000b000 08:01 1575756                    /lib/x86_64-linux-gnu/libnss_nis-2.23.so
7f09f6b69000-7f09f6b7f000 r-xp 00000000 08:01 1575767                    /lib/x86_64-linux-gnu/libnsl-2.23.so
7f09f6b7f000-7f09f6d7e000 ---p 00016000 08:01 1575767                    /lib/x86_64-linux-gnu/libnsl-2.23.so
7f09f6d7e000-7f09f6d7f000 r--p 00015000 08:01 1575767                    /lib/x86_64-linux-gnu/libnsl-2.23.so
7f09f6d7f000-7f09f6d80000 rw-p 00016000 08:01 1575767                    /lib/x86_64-linux-gnu/libnsl-2.23.so
7f09f6d80000-7f09f6d82000 rw-p 00000000 00:00 0 
7f09f6d82000-7f09f6d8a000 r-xp 00000000 08:01 1575768                    /lib/x86_64-linux-gnu/libnss_compat-2.23.so
7f09f6d8a000-7f09f6f89000 ---p 00008000 08:01 1575768                    /lib/x86_64-linux-gnu/libnss_compat-2.23.so
7f09f6f89000-7f09f6f8a000 r--p 00007000 08:01 1575768                    /lib/x86_64-linux-gnu/libnss_compat-2.23.so
7f09f6f8a000-7f09f6f8b000 rw-p 00008000 08:01 1575768                    /lib/x86_64-linux-gnu/libnss_compat-2.23.so
7f09f6f8b000-7f09f6fb6000 r-xp 00000000 08:01 2764280                    /usr/lib/jvm/java-8-oracle/jre/lib/amd64/libjava.so
7f09f6fb6000-7f09f71b5000 ---p 0002b000 08:01 2764280                    /usr/lib/jvm/java-8-oracle/jre/lib/amd64/libjava.so
7f09f71b5000-7f09f71b7000 rw-p 0002a000 08:01 2764280                    /usr/lib/jvm/java-8-oracle/jre/lib/amd64/libjava.so
7f09f71b7000-7f09f71c4000 r-xp 00000000 08:01 2764231                    /usr/lib/jvm/java-8-oracle/jre/lib/amd64/libverify.so
7f09f71c4000-7f09f73c3000 ---p 0000d000 08:01 2764231                    /usr/lib/jvm/java-8-oracle/jre/lib/amd64/libverify.so
7f09f73c3000-7f09f73c5000 rw-p 0000c000 08:01 2764231                    /usr/lib/jvm/java-8-oracle/jre/lib/amd64/libverify.so
7f09f73c5000-7f09f73cc000 r-xp 00000000 08:01 1575755                    /lib/x86_64-linux-gnu/librt-2.23.so
7f09f73cc000-7f09f75cb000 ---p 00007000 08:01 1575755                    /lib/x86_64-linux-gnu/librt-2.23.so
7f09f75cb000-7f09f75cc000 r--p 00006000 08:01 1575755                    /lib/x86_64-linux-gnu/librt-2.23.so
7f09f75cc000-7f09f75cd000 rw-p 00007000 08:01 1575755                    /lib/x86_64-linux-gnu/librt-2.23.so
7f09f75cd000-7f09f76d5000 r-xp 00000000 08:01 1575765                    /lib/x86_64-linux-gnu/libm-2.23.so
7f09f76d5000-7f09f78d4000 ---p 00108000 08:01 1575765                    /lib/x86_64-linux-gnu/libm-2.23.so
7f09f78d4000-7f09f78d5000 r--p 00107000 08:01 1575765                    /lib/x86_64-linux-gnu/libm-2.23.so
7f09f78d5000-7f09f78d6000 rw-p 00108000 08:01 1575765                    /lib/x86_64-linux-gnu/libm-2.23.so
7f09f78d6000-7f09f85a4000 r-xp 00000000 08:01 2764284                    /usr/lib/jvm/java-8-oracle/jre/lib/amd64/server/libjvm.so
7f09f85a4000-7f09f87a4000 ---p 00cce000 08:01 2764284                    /usr/lib/jvm/java-8-oracle/jre/lib/amd64/server/libjvm.so
7f09f87a4000-7f09f887d000 rw-p 00cce000 08:01 2764284                    /usr/lib/jvm/java-8-oracle/jre/lib/amd64/server/libjvm.so
7f09f887d000-7f09f88c8000 rw-p 00000000 00:00 0 
7f09f88c8000-7f09f8a87000 r-xp 00000000 08:01 1575760                    /lib/x86_64-linux-gnu/libc-2.23.so
7f09f8a87000-7f09f8c87000 ---p 001bf000 08:01 1575760                    /lib/x86_64-linux-gnu/libc-2.23.so
7f09f8c87000-7f09f8c8b000 r--p 001bf000 08:01 1575760                    /lib/x86_64-linux-gnu/libc-2.23.so
7f09f8c8b000-7f09f8c8d000 rw-p 001c3000 08:01 1575760                    /lib/x86_64-linux-gnu/libc-2.23.so
7f09f8c8d000-7f09f8c91000 rw-p 00000000 00:00 0 
7f09f8c91000-7f09f8c94000 r-xp 00000000 08:01 1575759                    /lib/x86_64-linux-gnu/libdl-2.23.so
7f09f8c94000-7f09f8e93000 ---p 00003000 08:01 1575759                    /lib/x86_64-linux-gnu/libdl-2.23.so
7f09f8e93000-7f09f8e94000 r--p 00002000 08:01 1575759                    /lib/x86_64-linux-gnu/libdl-2.23.so
7f09f8e94000-7f09f8e95000 rw-p 00003000 08:01 1575759                    /lib/x86_64-linux-gnu/libdl-2.23.so
7f09f8e95000-7f09f8eaa000 r-xp 00000000 08:01 2764269                    /usr/lib/jvm/java-8-oracle/jre/lib/amd64/jli/libjli.so
7f09f8eaa000-7f09f90aa000 ---p 00015000 08:01 2764269                    /usr/lib/jvm/java-8-oracle/jre/lib/amd64/jli/libjli.so
7f09f90aa000-7f09f90ab000 rw-p 00015000 08:01 2764269                    /usr/lib/jvm/java-8-oracle/jre/lib/amd64/jli/libjli.so
7f09f90ab000-7f09f90c3000 r-xp 00000000 08:01 1575766                    /lib/x86_64-linux-gnu/libpthread-2.23.so
7f09f90c3000-7f09f92c2000 ---p 00018000 08:01 1575766                    /lib/x86_64-linux-gnu/libpthread-2.23.so
7f09f92c2000-7f09f92c3000 r--p 00017000 08:01 1575766                    /lib/x86_64-linux-gnu/libpthread-2.23.so
7f09f92c3000-7f09f92c4000 rw-p 00018000 08:01 1575766                    /lib/x86_64-linux-gnu/libpthread-2.23.so
7f09f92c4000-7f09f92c8000 rw-p 00000000 00:00 0 
7f09f92c8000-7f09f92ee000 r-xp 00000000 08:01 1573756                    /lib/x86_64-linux-gnu/ld-2.23.so
7f09f92ee000-7f09f92ef000 r--s 00005000 08:01 403209                     /home/yuan/.sbt/boot/scala-2.10.6/org.scala-sbt/sbt/0.13.11/sbt-0.13.11.jar
7f09f92ef000-7f09f92f3000 r--s 00034000 08:01 403210                     /home/yuan/.sbt/boot/scala-2.10.6/org.scala-sbt/sbt/0.13.11/jsch-0.1.46.jar
7f09f92f3000-7f09f92f5000 r--s 00013000 08:01 403213                     /home/yuan/.sbt/boot/scala-2.10.6/org.scala-sbt/sbt/0.13.11/json4s-ast_2.10-3.2.10.jar
7f09f92f5000-7f09f9311000 r--s 0010c000 08:01 2625975                    /usr/share/sbt-launcher-packaging/bin/sbt-launch.jar
7f09f9311000-7f09f93cf000 rw-p 00000000 00:00 0 
7f09f93cf000-7f09f93d2000 ---p 00000000 00:00 0 
7f09f93d2000-7f09f94d4000 rw-p 00000000 00:00 0 
7f09f94d4000-7f09f94da000 r--s 00038000 08:01 403178                     /home/yuan/.sbt/boot/scala-2.10.6/org.scala-sbt/sbt/0.13.11/compile-0.13.11.jar
7f09f94da000-7f09f94de000 r--s 00025000 08:01 403224                     /home/yuan/.sbt/boot/scala-2.10.6/lib/jline.jar
7f09f94de000-7f09f94e1000 r--s 00018000 08:01 403222                     /home/yuan/.sbt/boot/scala-2.10.6/lib/jansi.jar
7f09f94e1000-7f09f94e9000 rw-s 00000000 08:01 3156902                    /tmp/hsperfdata_yuan/6718
7f09f94e9000-7f09f94ea000 rw-p 00000000 00:00 0 
7f09f94ea000-7f09f94eb000 ---p 00000000 00:00 0 
7f09f94eb000-7f09f94ed000 rw-p 00000000 00:00 0 
7f09f94ed000-7f09f94ee000 r--p 00025000 08:01 1573756                    /lib/x86_64-linux-gnu/ld-2.23.so
7f09f94ee000-7f09f94ef000 rw-p 00026000 08:01 1573756                    /lib/x86_64-linux-gnu/ld-2.23.so
7f09f94ef000-7f09f94f0000 rw-p 00000000 00:00 0 
7fff53b2f000-7fff53b51000 rw-p 00000000 00:00 0                          [stack]
7fff53b67000-7fff53b69000 r--p 00000000 00:00 0                          [vvar]
7fff53b69000-7fff53b6b000 r-xp 00000000 00:00 0                          [vdso]
ffffffffff600000-ffffffffff601000 r-xp 00000000 00:00 0                  [vsyscall]

VM Arguments:
jvm_args: -Xms1024m -Xmx1024m -XX:ReservedCodeCacheSize=128m -XX:MaxMetaspaceSize=256m 
java_command: /usr/share/sbt-launcher-packaging/bin/sbt-launch.jar compile
java_class_path (initial): /usr/share/sbt-launcher-packaging/bin/sbt-launch.jar
Launcher Type: SUN_STANDARD

Environment Variables:
JAVA_HOME=/usr/lib/jvm/java-8-oracle
PATH=/home/yuan/.cabal/bin:/opt/cabal/1.22/bin:/opt/ghc/7.10.3/bin:/home/yuan/activator-dist-1.3.10/bin:/home/yuan/bin:/home/yuan/.local/bin:/home/yuan/.cabal/bin:/opt/cabal/1.22/bin:/opt/ghc/7.10.3/bin:/home/yuan/activator-dist-1.3.10/bin:/home/yuan/.sdkman/candidates/groovy/current/bin:/home/yuan/bin:/home/yuan/.local/bin:/usr/local/sbin:/usr/local/bin:/usr/sbin:/usr/bin:/sbin:/bin:/usr/games:/usr/local/games:/snap/bin:/usr/lib/jvm/java-8-oracle/bin:/usr/lib/jvm/java-8-oracle/db/bin:/usr/lib/jvm/java-8-oracle/jre/bin:/snap/bin:/usr/lib/jvm/java-8-oracle/bin:/usr/lib/jvm/java-8-oracle/db/bin:/usr/lib/jvm/java-8-oracle/jre/bin:/home/yuan/.conscript/bin:/home/yuan/.conscript/bin
LD_LIBRARY_PATH=/home/yuan/idea-IU-163.7743.44/bin:
SHELL=/bin/bash
DISPLAY=:0

Signal Handlers:
SIGSEGV: [libjvm.so+0xac78c0], sa_mask[0]=11111111011111111101111111111110, sa_flags=SA_RESTART|SA_SIGINFO
SIGBUS: [libjvm.so+0xac78c0], sa_mask[0]=11111111011111111101111111111110, sa_flags=SA_RESTART|SA_SIGINFO
SIGFPE: [libjvm.so+0x920ac0], sa_mask[0]=11111111011111111101111111111110, sa_flags=SA_RESTART|SA_SIGINFO
SIGPIPE: [libjvm.so+0x920ac0], sa_mask[0]=11111111011111111101111111111110, sa_flags=SA_RESTART|SA_SIGINFO
SIGXFSZ: [libjvm.so+0x920ac0], sa_mask[0]=11111111011111111101111111111110, sa_flags=SA_RESTART|SA_SIGINFO
SIGILL: [libjvm.so+0x920ac0], sa_mask[0]=11111111011111111101111111111110, sa_flags=SA_RESTART|SA_SIGINFO
SIGUSR1: SIG_DFL, sa_mask[0]=00000000000000000000000000000000, sa_flags=none
SIGUSR2: [libjvm.so+0x922300], sa_mask[0]=00100000000000000000000000000000, sa_flags=SA_RESTART|SA_SIGINFO
SIGHUP: [libjvm.so+0x923700], sa_mask[0]=11111111011111111101111111111110, sa_flags=SA_RESTART|SA_SIGINFO
SIGINT: [libjvm.so+0x923700], sa_mask[0]=11111111011111111101111111111110, sa_flags=SA_RESTART|SA_SIGINFO
SIGTERM: [libjvm.so+0x923700], sa_mask[0]=11111111011111111101111111111110, sa_flags=SA_RESTART|SA_SIGINFO
SIGQUIT: [libjvm.so+0x923700], sa_mask[0]=11111111011111111101111111111110, sa_flags=SA_RESTART|SA_SIGINFO


---------------  S Y S T E M  ---------------

OS:DISTRIB_ID=Ubuntu
DISTRIB_RELEASE=16.04
DISTRIB_CODENAME=xenial
DISTRIB_DESCRIPTION="Ubuntu 16.04.1 LTS"

uname:Linux 4.4.0-59-generic #80-Ubuntu SMP Fri Jan 6 17:47:47 UTC 2017 x86_64
libc:glibc 2.23 NPTL 2.23 
rlimit: STACK 8192k, CORE 0k, NPROC 31708, NOFILE 65536, AS infinity
load average:0.41 0.79 0.97

/proc/meminfo:
MemTotal:        8157556 kB
MemFree:         1381504 kB
MemAvailable:    2909984 kB
Buffers:          435316 kB
Cached:          1213568 kB
SwapCached:          144 kB
Active:          4520896 kB
Inactive:        1614428 kB
Active(anon):    3630796 kB
Inactive(anon):   881644 kB
Active(file):     890100 kB
Inactive(file):   732784 kB
Unevictable:          68 kB
Mlocked:              68 kB
SwapTotal:       8385532 kB
SwapFree:        8385284 kB
Dirty:             10384 kB
Writeback:             0 kB
AnonPages:       4488656 kB
Mapped:           318560 kB
Shmem:             26004 kB
Slab:             283212 kB
SReclaimable:     211504 kB
SUnreclaim:        71708 kB
KernelStack:       12880 kB
PageTables:        36504 kB
NFS_Unstable:          0 kB
Bounce:                0 kB
WritebackTmp:          0 kB
CommitLimit:    12464308 kB
Committed_AS:    7924072 kB
VmallocTotal:   34359738367 kB
VmallocUsed:           0 kB
VmallocChunk:          0 kB
HardwareCorrupted:     0 kB
AnonHugePages:   2963456 kB
CmaTotal:              0 kB
CmaFree:               0 kB
HugePages_Total:       0
HugePages_Free:        0
HugePages_Rsvd:        0
HugePages_Surp:        0
Hugepagesize:       2048 kB
DirectMap4k:      126784 kB
DirectMap2M:     4067328 kB
DirectMap1G:     6291456 kB


CPU:total 8 (1 cores per cpu, 1 threads per core) family 6 model 94 stepping 3, cmov, cx8, fxsr, mmx, sse, sse2, sse3, ssse3, sse4.1, sse4.2, popcnt, avx, avx2, aes, clmul, erms, rtm, 3dnowpref, lzcnt, tsc, tscinvbit, bmi1, bmi2, adx

/proc/cpuinfo:
processor	: 0
vendor_id	: GenuineIntel
cpu family	: 6
model		: 94
model name	: Intel(R) Core(TM) i7-6700HQ CPU @ 2.60GHz
stepping	: 3
microcode	: 0x9e
cpu MHz		: 2601.000
cache size	: 6144 KB
physical id	: 0
siblings	: 1
core id		: 0
cpu cores	: 1
apicid		: 0
initial apicid	: 0
fpu		: yes
fpu_exception	: yes
cpuid level	: 22
wp		: yes
flags		: fpu vme de pse tsc msr pae mce cx8 apic sep mtrr pge mca cmov pat pse36 clflush dts mmx fxsr sse sse2 ss syscall nx pdpe1gb rdtscp lm constant_tsc arch_perfmon pebs bts nopl xtopology tsc_reliable nonstop_tsc aperfmperf eagerfpu pni pclmulqdq ssse3 fma cx16 pcid sse4_1 sse4_2 x2apic movbe popcnt tsc_deadline_timer aes xsave avx f16c rdrand hypervisor lahf_lm abm 3dnowprefetch epb fsgsbase tsc_adjust bmi1 hle avx2 smep bmi2 invpcid rtm rdseed adx smap xsaveopt dtherm ida arat pln pts hwp hwp_notify hwp_act_window hwp_epp
bugs		:
bogomips	: 5202.00
clflush size	: 64
cache_alignment	: 64
address sizes	: 42 bits physical, 48 bits virtual
power management:

processor	: 1
vendor_id	: GenuineIntel
cpu family	: 6
model		: 94
model name	: Intel(R) Core(TM) i7-6700HQ CPU @ 2.60GHz
stepping	: 3
microcode	: 0x9e
cpu MHz		: 2601.000
cache size	: 6144 KB
physical id	: 2
siblings	: 1
core id		: 0
cpu cores	: 1
apicid		: 2
initial apicid	: 2
fpu		: yes
fpu_exception	: yes
cpuid level	: 22
wp		: yes
flags		: fpu vme de pse tsc msr pae mce cx8 apic sep mtrr pge mca cmov pat pse36 clflush dts mmx fxsr sse sse2 ss syscall nx pdpe1gb rdtscp lm constant_tsc arch_perfmon pebs bts nopl xtopology tsc_reliable nonstop_tsc aperfmperf eagerfpu pni pclmulqdq ssse3 fma cx16 pcid sse4_1 sse4_2 x2apic movbe popcnt tsc_deadline_timer aes xsave avx f16c rdrand hypervisor lahf_lm abm 3dnowprefetch epb fsgsbase tsc_adjust bmi1 hle avx2 smep bmi2 invpcid rtm rdseed adx smap xsaveopt dtherm ida arat pln pts hwp hwp_notify hwp_act_window hwp_epp
bugs		:
bogomips	: 5202.00
clflush size	: 64
cache_alignment	: 64
address sizes	: 42 bits physical, 48 bits virtual
power management:

processor	: 2
vendor_id	: GenuineIntel
cpu family	: 6
model		: 94
model name	: Intel(R) Core(TM) i7-6700HQ CPU @ 2.60GHz
stepping	: 3
microcode	: 0x9e
cpu MHz		: 2601.000
cache size	: 6144 KB
physical id	: 4
siblings	: 1
core id		: 0
cpu cores	: 1
apicid		: 4
initial apicid	: 4
fpu		: yes
fpu_exception	: yes
cpuid level	: 22
wp		: yes
flags		: fpu vme de pse tsc msr pae mce cx8 apic sep mtrr pge mca cmov pat pse36 clflush dts mmx fxsr sse sse2 ss syscall nx pdpe1gb rdtscp lm constant_tsc arch_perfmon pebs bts nopl xtopology tsc_reliable nonstop_tsc aperfmperf eagerfpu pni pclmulqdq ssse3 fma cx16 pcid sse4_1 sse4_2 x2apic movbe popcnt tsc_deadline_timer aes xsave avx f16c rdrand hypervisor lahf_lm abm 3dnowprefetch epb fsgsbase tsc_adjust bmi1 hle avx2 smep bmi2 invpcid rtm rdseed adx smap xsaveopt dtherm ida arat pln pts hwp hwp_notify hwp_act_window hwp_epp
bugs		:
bogomips	: 5202.00
clflush size	: 64
cache_alignment	: 64
address sizes	: 42 bits physical, 48 bits virtual
power management:

processor	: 3
vendor_id	: GenuineIntel
cpu family	: 6
model		: 94
model name	: Intel(R) Core(TM) i7-6700HQ CPU @ 2.60GHz
stepping	: 3
microcode	: 0x9e
cpu MHz		: 2601.000
cache size	: 6144 KB
physical id	: 6
siblings	: 1
core id		: 0
cpu cores	: 1
apicid		: 6
initial apicid	: 6
fpu		: yes
fpu_exception	: yes
cpuid level	: 22
wp		: yes
flags		: fpu vme de pse tsc msr pae mce cx8 apic sep mtrr pge mca cmov pat pse36 clflush dts mmx fxsr sse sse2 ss syscall nx pdpe1gb rdtscp lm constant_tsc arch_perfmon pebs bts nopl xtopology tsc_reliable nonstop_tsc aperfmperf eagerfpu pni pclmulqdq ssse3 fma cx16 pcid sse4_1 sse4_2 x2apic movbe popcnt tsc_deadline_timer aes xsave avx f16c rdrand hypervisor lahf_lm abm 3dnowprefetch epb fsgsbase tsc_adjust bmi1 hle avx2 smep bmi2 invpcid rtm rdseed adx smap xsaveopt dtherm ida arat pln pts hwp hwp_notify hwp_act_window hwp_epp
bugs		:
bogomips	: 5202.00
clflush size	: 64
cache_alignment	: 64
address sizes	: 42 bits physical, 48 bits virtual
power management:

processor	: 4
vendor_id	: GenuineIntel
cpu family	: 6
model		: 94
model name	: Intel(R) Core(TM) i7-6700HQ CPU @ 2.60GHz
stepping	: 3
microcode	: 0x9e
cpu MHz		: 2601.000
cache size	: 6144 KB
physical id	: 8
siblings	: 1
core id		: 0
cpu cores	: 1
apicid		: 8
initial apicid	: 8
fpu		: yes
fpu_exception	: yes
cpuid level	: 22
wp		: yes
flags		: fpu vme de pse tsc msr pae mce cx8 apic sep mtrr pge mca cmov pat pse36 clflush dts mmx fxsr sse sse2 ss syscall nx pdpe1gb rdtscp lm constant_tsc arch_perfmon pebs bts nopl xtopology tsc_reliable nonstop_tsc aperfmperf eagerfpu pni pclmulqdq ssse3 fma cx16 pcid sse4_1 sse4_2 x2apic movbe popcnt tsc_deadline_timer aes xsave avx f16c rdrand hypervisor lahf_lm abm 3dnowprefetch epb fsgsbase tsc_adjust bmi1 hle avx2 smep bmi2 invpcid rtm rdseed adx smap xsaveopt dtherm ida arat pln pts hwp hwp_notify hwp_act_window hwp_epp
bugs		:
bogomips	: 5202.00
clflush size	: 64
cache_alignment	: 64
address sizes	: 42 bits physical, 48 bits virtual
power management:

processor	: 5
vendor_id	: GenuineIntel
cpu family	: 6
model		: 94
model name	: Intel(R) Core(TM) i7-6700HQ CPU @ 2.60GHz
stepping	: 3
microcode	: 0x9e
cpu MHz		: 2601.000
cache size	: 6144 KB
physical id	: 10
siblings	: 1
core id		: 0
cpu cores	: 1
apicid		: 10
initial apicid	: 10
fpu		: yes
fpu_exception	: yes
cpuid level	: 22
wp		: yes
flags		: fpu vme de pse tsc msr pae mce cx8 apic sep mtrr pge mca cmov pat pse36 clflush dts mmx fxsr sse sse2 ss syscall nx pdpe1gb rdtscp lm constant_tsc arch_perfmon pebs bts nopl xtopology tsc_reliable nonstop_tsc aperfmperf eagerfpu pni pclmulqdq ssse3 fma cx16 pcid sse4_1 sse4_2 x2apic movbe popcnt tsc_deadline_timer aes xsave avx f16c rdrand hypervisor lahf_lm abm 3dnowprefetch epb fsgsbase tsc_adjust bmi1 hle avx2 smep bmi2 invpcid rtm rdseed adx smap xsaveopt dtherm ida arat pln pts hwp hwp_notify hwp_act_window hwp_epp
bugs		:
bogomips	: 5202.00
clflush size	: 64
cache_alignment	: 64
address sizes	: 42 bits physical, 48 bits virtual
power management:

processor	: 6
vendor_id	: GenuineIntel
cpu family	: 6
model		: 94
model name	: Intel(R) Core(TM) i7-6700HQ CPU @ 2.60GHz
stepping	: 3
microcode	: 0x9e
cpu MHz		: 2601.000
cache size	: 6144 KB
physical id	: 12
siblings	: 1
core id		: 0
cpu cores	: 1
apicid		: 12
initial apicid	: 12
fpu		: yes
fpu_exception	: yes
cpuid level	: 22
wp		: yes
flags		: fpu vme de pse tsc msr pae mce cx8 apic sep mtrr pge mca cmov pat pse36 clflush dts mmx fxsr sse sse2 ss syscall nx pdpe1gb rdtscp lm constant_tsc arch_perfmon pebs bts nopl xtopology tsc_reliable nonstop_tsc aperfmperf eagerfpu pni pclmulqdq ssse3 fma cx16 pcid sse4_1 sse4_2 x2apic movbe popcnt tsc_deadline_timer aes xsave avx f16c rdrand hypervisor lahf_lm abm 3dnowprefetch epb fsgsbase tsc_adjust bmi1 hle avx2 smep bmi2 invpcid rtm rdseed adx smap xsaveopt dtherm ida arat pln pts hwp hwp_notify hwp_act_window hwp_epp
bugs		:
bogomips	: 5202.00
clflush size	: 64
cache_alignment	: 64
address sizes	: 42 bits physical, 48 bits virtual
power management:

processor	: 7
vendor_id	: GenuineIntel
cpu family	: 6
model		: 94
model name	: Intel(R) Core(TM) i7-6700HQ CPU @ 2.60GHz
stepping	: 3
microcode	: 0x9e
cpu MHz		: 2601.000
cache size	: 6144 KB
physical id	: 14
siblings	: 1
core id		: 0
cpu cores	: 1
apicid		: 14
initial apicid	: 14
fpu		: yes
fpu_exception	: yes
cpuid level	: 22
wp		: yes
flags		: fpu vme de pse tsc msr pae mce cx8 apic sep mtrr pge mca cmov pat pse36 clflush dts mmx fxsr sse sse2 ss syscall nx pdpe1gb rdtscp lm constant_tsc arch_perfmon pebs bts nopl xtopology tsc_reliable nonstop_tsc aperfmperf eagerfpu pni pclmulqdq ssse3 fma cx16 pcid sse4_1 sse4_2 x2apic movbe popcnt tsc_deadline_timer aes xsave avx f16c rdrand hypervisor lahf_lm abm 3dnowprefetch epb fsgsbase tsc_adjust bmi1 hle avx2 smep bmi2 invpcid rtm rdseed adx smap xsaveopt dtherm ida arat pln pts hwp hwp_notify hwp_act_window hwp_epp
bugs		:
bogomips	: 5202.00
clflush size	: 64
cache_alignment	: 64
address sizes	: 42 bits physical, 48 bits virtual
power management:



Memory: 4k page, physical 8157556k(1381504k free), swap 8385532k(8385284k free)

vm_info: Java HotSpot(TM) 64-Bit Server VM (25.121-b13) for linux-amd64 JRE (1.8.0_121-b13), built on Dec 12 2016 16:36:53 by "java_re" with gcc 4.3.0 20080428 (Red Hat 4.3.0-8)

time: Tue Jan 24 09:50:05 2017
elapsed time: 4 seconds (0d 0h 0m 4s)

