#
# There is insufficient memory for the Java Runtime Environment to continue.
# Native memory allocation (mmap) failed to map 716177408 bytes for committing reserved memory.
# Possible reasons:
#   The system is out of physical RAM or swap space
#   In 32 bit mode, the process size limit was hit
# Possible solutions:
#   Reduce memory load on the system
#   Increase physical memory or swap space
#   Check if swap backing store is full
#   Use 64 bit Java on a 64 bit OS
#   Decrease Java heap size (-Xmx/-Xms)
#   Decrease number of Java threads
#   Decrease Java thread stack sizes (-Xss)
#   Set larger code cache with -XX:ReservedCodeCacheSize=
# This output file may be truncated or incomplete.
#
#  Out of Memory Error (os_linux.cpp:2627), pid=24399, tid=0x00007f3e14e61700
#
# JRE version:  (8.0_121-b13) (build )
# Java VM: Java HotSpot(TM) 64-Bit Server VM (25.121-b13 mixed mode linux-amd64 compressed oops)
# Failed to write core dump. Core dumps have been disabled. To enable core dumping, try "ulimit -c unlimited" before starting Java again
#

---------------  T H R E A D  ---------------

Current thread (0x00007f3e0c009800):  JavaThread "Unknown thread" [_thread_in_vm, id=24400, stack(0x00007f3e14d61000,0x00007f3e14e62000)]

Stack: [0x00007f3e14d61000,0x00007f3e14e62000],  sp=0x00007f3e14e603c0,  free space=1020k
Native frames: (J=compiled Java code, j=interpreted, Vv=VM code, C=native code)
V  [libjvm.so+0xac703a]  VMError::report_and_die()+0x2ba
V  [libjvm.so+0x4fc7eb]  report_vm_out_of_memory(char const*, int, unsigned long, VMErrorType, char const*)+0x8b
V  [libjvm.so+0x923c43]  os::Linux::commit_memory_impl(char*, unsigned long, bool)+0x103
V  [libjvm.so+0x924199]  os::pd_commit_memory(char*, unsigned long, unsigned long, bool)+0x29
V  [libjvm.so+0x91e4aa]  os::commit_memory(char*, unsigned long, unsigned long, bool)+0x2a
V  [libjvm.so+0x992f03]  PSVirtualSpace::expand_by(unsigned long)+0x53
V  [libjvm.so+0x983017]  PSOldGen::initialize(ReservedSpace, unsigned long, char const*, int)+0xb7
V  [libjvm.so+0x2d89aa]  AdjoiningGenerations::AdjoiningGenerations(ReservedSpace, GenerationSizer*, unsigned long)+0x39a
V  [libjvm.so+0x9472d6]  ParallelScavengeHeap::initialize()+0x1d6
V  [libjvm.so+0xa8eff3]  Universe::initialize_heap()+0xf3
V  [libjvm.so+0xa8f55e]  universe_init()+0x3e
V  [libjvm.so+0x63d4f5]  init_globals()+0x65
V  [libjvm.so+0xa72c4e]  Threads::create_vm(JavaVMInitArgs*, bool*)+0x23e
V  [libjvm.so+0x6d1d94]  JNI_CreateJavaVM+0x74
C  [libjli.so+0x745e]  JavaMain+0x9e
C  [libpthread.so.0+0x76ba]  start_thread+0xca


---------------  P R O C E S S  ---------------

Java Threads: ( => current thread )

Other Threads:

=>0x00007f3e0c009800 (exited) JavaThread "Unknown thread" [_thread_in_vm, id=24400, stack(0x00007f3e14d61000,0x00007f3e14e62000)]

VM state:not at safepoint (not fully initialized)

VM Mutex/Monitor currently owned by a thread: None

GC Heap History (0 events):
No events

Deoptimization events (0 events):
No events

Internal exceptions (0 events):
No events

Events (0 events):
No events


Dynamic libraries:
00400000-00401000 r-xp 00000000 08:01 5242895                            /usr/lib/jvm/java-8-oracle/jre/bin/java
00600000-00601000 rw-p 00000000 08:01 5242895                            /usr/lib/jvm/java-8-oracle/jre/bin/java
00c3f000-00c60000 rw-p 00000000 00:00 0                                  [heap]
eab00000-100000000 rw-p 00000000 00:00 0 
7f3e04000000-7f3e04270000 rwxp 00000000 00:00 0 
7f3e04270000-7f3e0c000000 ---p 00000000 00:00 0 
7f3e0c000000-7f3e0c034000 rw-p 00000000 00:00 0 
7f3e0c034000-7f3e10000000 ---p 00000000 00:00 0 
7f3e1183c000-7f3e11ac3000 rw-p 00000000 00:00 0 
7f3e11ac3000-7f3e11c18000 ---p 00000000 00:00 0 
7f3e11c18000-7f3e11cce000 rw-p 00000000 00:00 0 
7f3e11cce000-7f3e11ec4000 ---p 00000000 00:00 0 
7f3e11ec4000-7f3e11ede000 r-xp 00000000 08:01 2763239                    /usr/lib/jvm/java-8-oracle/jre/lib/amd64/libzip.so
7f3e11ede000-7f3e120de000 ---p 0001a000 08:01 2763239                    /usr/lib/jvm/java-8-oracle/jre/lib/amd64/libzip.so
7f3e120de000-7f3e120df000 rw-p 0001a000 08:01 2763239                    /usr/lib/jvm/java-8-oracle/jre/lib/amd64/libzip.so
7f3e120df000-7f3e120ea000 r-xp 00000000 08:01 1574166                    /lib/x86_64-linux-gnu/libnss_files-2.23.so
7f3e120ea000-7f3e122e9000 ---p 0000b000 08:01 1574166                    /lib/x86_64-linux-gnu/libnss_files-2.23.so
7f3e122e9000-7f3e122ea000 r--p 0000a000 08:01 1574166                    /lib/x86_64-linux-gnu/libnss_files-2.23.so
7f3e122ea000-7f3e122eb000 rw-p 0000b000 08:01 1574166                    /lib/x86_64-linux-gnu/libnss_files-2.23.so
7f3e122eb000-7f3e122f1000 rw-p 00000000 00:00 0 
7f3e122f1000-7f3e122fc000 r-xp 00000000 08:01 1574149                    /lib/x86_64-linux-gnu/libnss_nis-2.23.so
7f3e122fc000-7f3e124fb000 ---p 0000b000 08:01 1574149                    /lib/x86_64-linux-gnu/libnss_nis-2.23.so
7f3e124fb000-7f3e124fc000 r--p 0000a000 08:01 1574149                    /lib/x86_64-linux-gnu/libnss_nis-2.23.so
7f3e124fc000-7f3e124fd000 rw-p 0000b000 08:01 1574149                    /lib/x86_64-linux-gnu/libnss_nis-2.23.so
7f3e124fd000-7f3e12513000 r-xp 00000000 08:01 1574154                    /lib/x86_64-linux-gnu/libnsl-2.23.so
7f3e12513000-7f3e12712000 ---p 00016000 08:01 1574154                    /lib/x86_64-linux-gnu/libnsl-2.23.so
7f3e12712000-7f3e12713000 r--p 00015000 08:01 1574154                    /lib/x86_64-linux-gnu/libnsl-2.23.so
7f3e12713000-7f3e12714000 rw-p 00016000 08:01 1574154                    /lib/x86_64-linux-gnu/libnsl-2.23.so
7f3e12714000-7f3e12716000 rw-p 00000000 00:00 0 
7f3e12716000-7f3e1271e000 r-xp 00000000 08:01 1574187                    /lib/x86_64-linux-gnu/libnss_compat-2.23.so
7f3e1271e000-7f3e1291d000 ---p 00008000 08:01 1574187                    /lib/x86_64-linux-gnu/libnss_compat-2.23.so
7f3e1291d000-7f3e1291e000 r--p 00007000 08:01 1574187                    /lib/x86_64-linux-gnu/libnss_compat-2.23.so
7f3e1291e000-7f3e1291f000 rw-p 00008000 08:01 1574187                    /lib/x86_64-linux-gnu/libnss_compat-2.23.so
7f3e1291f000-7f3e1294a000 r-xp 00000000 08:01 2763266                    /usr/lib/jvm/java-8-oracle/jre/lib/amd64/libjava.so
7f3e1294a000-7f3e12b49000 ---p 0002b000 08:01 2763266                    /usr/lib/jvm/java-8-oracle/jre/lib/amd64/libjava.so
7f3e12b49000-7f3e12b4b000 rw-p 0002a000 08:01 2763266                    /usr/lib/jvm/java-8-oracle/jre/lib/amd64/libjava.so
7f3e12b4b000-7f3e12b58000 r-xp 00000000 08:01 2763217                    /usr/lib/jvm/java-8-oracle/jre/lib/amd64/libverify.so
7f3e12b58000-7f3e12d57000 ---p 0000d000 08:01 2763217                    /usr/lib/jvm/java-8-oracle/jre/lib/amd64/libverify.so
7f3e12d57000-7f3e12d59000 rw-p 0000c000 08:01 2763217                    /usr/lib/jvm/java-8-oracle/jre/lib/amd64/libverify.so
7f3e12d59000-7f3e12d60000 r-xp 00000000 08:01 1574189                    /lib/x86_64-linux-gnu/librt-2.23.so
7f3e12d60000-7f3e12f5f000 ---p 00007000 08:01 1574189                    /lib/x86_64-linux-gnu/librt-2.23.so
7f3e12f5f000-7f3e12f60000 r--p 00006000 08:01 1574189                    /lib/x86_64-linux-gnu/librt-2.23.so
7f3e12f60000-7f3e12f61000 rw-p 00007000 08:01 1574189                    /lib/x86_64-linux-gnu/librt-2.23.so
7f3e12f61000-7f3e13069000 r-xp 00000000 08:01 1574151                    /lib/x86_64-linux-gnu/libm-2.23.so
7f3e13069000-7f3e13268000 ---p 00108000 08:01 1574151                    /lib/x86_64-linux-gnu/libm-2.23.so
7f3e13268000-7f3e13269000 r--p 00107000 08:01 1574151                    /lib/x86_64-linux-gnu/libm-2.23.so
7f3e13269000-7f3e1326a000 rw-p 00108000 08:01 1574151                    /lib/x86_64-linux-gnu/libm-2.23.so
7f3e1326a000-7f3e13f38000 r-xp 00000000 08:01 2763270                    /usr/lib/jvm/java-8-oracle/jre/lib/amd64/server/libjvm.so
7f3e13f38000-7f3e14138000 ---p 00cce000 08:01 2763270                    /usr/lib/jvm/java-8-oracle/jre/lib/amd64/server/libjvm.so
7f3e14138000-7f3e14211000 rw-p 00cce000 08:01 2763270                    /usr/lib/jvm/java-8-oracle/jre/lib/amd64/server/libjvm.so
7f3e14211000-7f3e1425c000 rw-p 00000000 00:00 0 
7f3e1425c000-7f3e1441b000 r-xp 00000000 08:01 1574157                    /lib/x86_64-linux-gnu/libc-2.23.so
7f3e1441b000-7f3e1461b000 ---p 001bf000 08:01 1574157                    /lib/x86_64-linux-gnu/libc-2.23.so
7f3e1461b000-7f3e1461f000 r--p 001bf000 08:01 1574157                    /lib/x86_64-linux-gnu/libc-2.23.so
7f3e1461f000-7f3e14621000 rw-p 001c3000 08:01 1574157                    /lib/x86_64-linux-gnu/libc-2.23.so
7f3e14621000-7f3e14625000 rw-p 00000000 00:00 0 
7f3e14625000-7f3e14628000 r-xp 00000000 08:01 1574146                    /lib/x86_64-linux-gnu/libdl-2.23.so
7f3e14628000-7f3e14827000 ---p 00003000 08:01 1574146                    /lib/x86_64-linux-gnu/libdl-2.23.so
7f3e14827000-7f3e14828000 r--p 00002000 08:01 1574146                    /lib/x86_64-linux-gnu/libdl-2.23.so
7f3e14828000-7f3e14829000 rw-p 00003000 08:01 1574146                    /lib/x86_64-linux-gnu/libdl-2.23.so
7f3e14829000-7f3e1483e000 r-xp 00000000 08:01 2763255                    /usr/lib/jvm/java-8-oracle/jre/lib/amd64/jli/libjli.so
7f3e1483e000-7f3e14a3e000 ---p 00015000 08:01 2763255                    /usr/lib/jvm/java-8-oracle/jre/lib/amd64/jli/libjli.so
7f3e14a3e000-7f3e14a3f000 rw-p 00015000 08:01 2763255                    /usr/lib/jvm/java-8-oracle/jre/lib/amd64/jli/libjli.so
7f3e14a3f000-7f3e14a57000 r-xp 00000000 08:01 1574197                    /lib/x86_64-linux-gnu/libpthread-2.23.so
7f3e14a57000-7f3e14c56000 ---p 00018000 08:01 1574197                    /lib/x86_64-linux-gnu/libpthread-2.23.so
7f3e14c56000-7f3e14c57000 r--p 00017000 08:01 1574197                    /lib/x86_64-linux-gnu/libpthread-2.23.so
7f3e14c57000-7f3e14c58000 rw-p 00018000 08:01 1574197                    /lib/x86_64-linux-gnu/libpthread-2.23.so
7f3e14c58000-7f3e14c5c000 rw-p 00000000 00:00 0 
7f3e14c5c000-7f3e14c82000 r-xp 00000000 08:01 1574159                    /lib/x86_64-linux-gnu/ld-2.23.so
7f3e14d61000-7f3e14d64000 ---p 00000000 00:00 0 
7f3e14d64000-7f3e14e66000 rw-p 00000000 00:00 0 
7f3e14e75000-7f3e14e7d000 rw-s 00000000 08:01 2769480                    /tmp/hsperfdata_yuan/24399
7f3e14e7d000-7f3e14e7e000 rw-p 00000000 00:00 0 
7f3e14e7e000-7f3e14e7f000 r--p 00000000 00:00 0 
7f3e14e7f000-7f3e14e81000 rw-p 00000000 00:00 0 
7f3e14e81000-7f3e14e82000 r--p 00025000 08:01 1574159                    /lib/x86_64-linux-gnu/ld-2.23.so
7f3e14e82000-7f3e14e83000 rw-p 00026000 08:01 1574159                    /lib/x86_64-linux-gnu/ld-2.23.so
7f3e14e83000-7f3e14e84000 rw-p 00000000 00:00 0 
7ffe2ae96000-7ffe2aeb8000 rw-p 00000000 00:00 0                          [stack]
7ffe2afbd000-7ffe2afbf000 r--p 00000000 00:00 0                          [vvar]
7ffe2afbf000-7ffe2afc1000 r-xp 00000000 00:00 0                          [vdso]
ffffffffff600000-ffffffffff601000 r-xp 00000000 00:00 0                  [vsyscall]

VM Arguments:
jvm_args: -Xms1024m -Xmx1024m -XX:ReservedCodeCacheSize=128m -XX:MaxMetaspaceSize=256m 
java_command: /usr/share/sbt-launcher-packaging/bin/sbt-launch.jar run
java_class_path (initial): /usr/share/sbt-launcher-packaging/bin/sbt-launch.jar
Launcher Type: SUN_STANDARD

Environment Variables:
JAVA_HOME=/usr/lib/jvm/java-8-oracle
PATH=/home/yuan/.cabal/bin:/opt/cabal/1.22/bin:/opt/ghc/7.10.3/bin:/home/yuan/activator-dist-1.3.10/bin:/home/yuan/bin:/home/yuan/.local/bin:/home/yuan/.cabal/bin:/opt/cabal/1.22/bin:/opt/ghc/7.10.3/bin:/home/yuan/activator-dist-1.3.10/bin:/home/yuan/.sdkman/candidates/groovy/current/bin:/home/yuan/bin:/home/yuan/.local/bin:/usr/local/sbin:/usr/local/bin:/usr/sbin:/usr/bin:/sbin:/bin:/usr/games:/usr/local/games:/snap/bin:/usr/lib/jvm/java-8-oracle/bin:/usr/lib/jvm/java-8-oracle/db/bin:/usr/lib/jvm/java-8-oracle/jre/bin:/snap/bin:/usr/lib/jvm/java-8-oracle/bin:/usr/lib/jvm/java-8-oracle/db/bin:/usr/lib/jvm/java-8-oracle/jre/bin:/home/yuan/.conscript/bin:/home/yuan/firefox-sdk/bin:/home/yuan/.conscript/bin:/home/yuan/firefox-sdk/bin
LD_LIBRARY_PATH=/home/yuan/idea-IU-171.3780.107/bin:
SHELL=/bin/bash
DISPLAY=:0

Signal Handlers:
SIGSEGV: [libjvm.so+0xac78c0], sa_mask[0]=11111111011111111101111111111110, sa_flags=SA_RESTART|SA_SIGINFO
SIGBUS: [libjvm.so+0xac78c0], sa_mask[0]=11111111011111111101111111111110, sa_flags=SA_RESTART|SA_SIGINFO
SIGFPE: [libjvm.so+0x920ac0], sa_mask[0]=11111111011111111101111111111110, sa_flags=SA_RESTART|SA_SIGINFO
SIGPIPE: [libjvm.so+0x920ac0], sa_mask[0]=11111111011111111101111111111110, sa_flags=SA_RESTART|SA_SIGINFO
SIGXFSZ: [libjvm.so+0x920ac0], sa_mask[0]=11111111011111111101111111111110, sa_flags=SA_RESTART|SA_SIGINFO
SIGILL: [libjvm.so+0x920ac0], sa_mask[0]=11111111011111111101111111111110, sa_flags=SA_RESTART|SA_SIGINFO
SIGUSR1: SIG_DFL, sa_mask[0]=00000000000000000000000000000000, sa_flags=none
SIGUSR2: [libjvm.so+0x922300], sa_mask[0]=00100000000000000000000000000000, sa_flags=SA_RESTART|SA_SIGINFO
SIGHUP: SIG_DFL, sa_mask[0]=00000000000000000000000000000000, sa_flags=none
SIGINT: SIG_DFL, sa_mask[0]=00000000000000000000000000000000, sa_flags=none
SIGTERM: SIG_DFL, sa_mask[0]=00000000000000000000000000000000, sa_flags=none
SIGQUIT: SIG_DFL, sa_mask[0]=00000000000000000000000000000000, sa_flags=none


---------------  S Y S T E M  ---------------

OS:DISTRIB_ID=Ubuntu
DISTRIB_RELEASE=16.04
DISTRIB_CODENAME=xenial
DISTRIB_DESCRIPTION="Ubuntu 16.04.2 LTS"

uname:Linux 4.4.0-72-generic #93-Ubuntu SMP Fri Mar 31 14:07:41 UTC 2017 x86_64
libc:glibc 2.23 NPTL 2.23 
rlimit: STACK 8192k, CORE 0k, NPROC 39172, NOFILE 65536, AS infinity
load average:3.74 2.87 2.00

/proc/meminfo:
MemTotal:       10068304 kB
MemFree:          157268 kB
MemAvailable:     170732 kB
Buffers:            7696 kB
Cached:          1757532 kB
SwapCached:       103608 kB
Active:          3529980 kB
Inactive:        2315028 kB
Active(anon):    3421760 kB
Inactive(anon):  2215280 kB
Active(file):     108220 kB
Inactive(file):    99748 kB
Unevictable:         184 kB
Mlocked:             184 kB
SwapTotal:       8385532 kB
SwapFree:              0 kB
Dirty:             21488 kB
Writeback:             0 kB
AnonPages:       3979248 kB
Mapped:            64768 kB
Shmem:           1554492 kB
Slab:             181112 kB
SReclaimable:      68860 kB
SUnreclaim:       112252 kB
KernelStack:       19376 kB
PageTables:        51116 kB
NFS_Unstable:          0 kB
Bounce:                0 kB
WritebackTmp:          0 kB
CommitLimit:    13419684 kB
Committed_AS:   19122792 kB
VmallocTotal:   34359738367 kB
VmallocUsed:           0 kB
VmallocChunk:          0 kB
HardwareCorrupted:     0 kB
AnonHugePages:   2058240 kB
CmaTotal:              0 kB
CmaFree:               0 kB
HugePages_Total:       0
HugePages_Free:        0
HugePages_Rsvd:        0
HugePages_Surp:        0
Hugepagesize:       2048 kB
DirectMap4k:      610112 kB
DirectMap2M:     9719808 kB
DirectMap1G:           0 kB


CPU:total 8 (1 cores per cpu, 1 threads per core) family 6 model 94 stepping 3, cmov, cx8, fxsr, mmx, sse, sse2, sse3, ssse3, sse4.1, sse4.2, popcnt, avx, avx2, aes, clmul, erms, rtm, 3dnowpref, lzcnt, tsc, tscinvbit, bmi1, bmi2, adx

/proc/cpuinfo:
processor	: 0
vendor_id	: GenuineIntel
cpu family	: 6
model		: 94
model name	: Intel(R) Core(TM) i7-6700HQ CPU @ 2.60GHz
stepping	: 3
microcode	: 0x9e
cpu MHz		: 2601.000
cache size	: 6144 KB
physical id	: 0
siblings	: 1
core id		: 0
cpu cores	: 1
apicid		: 0
initial apicid	: 0
fpu		: yes
fpu_exception	: yes
cpuid level	: 22
wp		: yes
flags		: fpu vme de pse tsc msr pae mce cx8 apic sep mtrr pge mca cmov pat pse36 clflush dts mmx fxsr sse sse2 ss syscall nx pdpe1gb rdtscp lm constant_tsc arch_perfmon pebs bts nopl xtopology tsc_reliable nonstop_tsc aperfmperf eagerfpu pni pclmulqdq ssse3 fma cx16 pcid sse4_1 sse4_2 x2apic movbe popcnt tsc_deadline_timer aes xsave avx f16c rdrand hypervisor lahf_lm abm 3dnowprefetch epb fsgsbase tsc_adjust bmi1 hle avx2 smep bmi2 invpcid rtm rdseed adx smap xsaveopt dtherm ida arat pln pts hwp hwp_notify hwp_act_window hwp_epp
bugs		:
bogomips	: 5202.00
clflush size	: 64
cache_alignment	: 64
address sizes	: 42 bits physical, 48 bits virtual
power management:

processor	: 1
vendor_id	: GenuineIntel
cpu family	: 6
model		: 94
model name	: Intel(R) Core(TM) i7-6700HQ CPU @ 2.60GHz
stepping	: 3
microcode	: 0x9e
cpu MHz		: 2601.000
cache size	: 6144 KB
physical id	: 2
siblings	: 1
core id		: 0
cpu cores	: 1
apicid		: 2
initial apicid	: 2
fpu		: yes
fpu_exception	: yes
cpuid level	: 22
wp		: yes
flags		: fpu vme de pse tsc msr pae mce cx8 apic sep mtrr pge mca cmov pat pse36 clflush dts mmx fxsr sse sse2 ss syscall nx pdpe1gb rdtscp lm constant_tsc arch_perfmon pebs bts nopl xtopology tsc_reliable nonstop_tsc aperfmperf eagerfpu pni pclmulqdq ssse3 fma cx16 pcid sse4_1 sse4_2 x2apic movbe popcnt tsc_deadline_timer aes xsave avx f16c rdrand hypervisor lahf_lm abm 3dnowprefetch epb fsgsbase tsc_adjust bmi1 hle avx2 smep bmi2 invpcid rtm rdseed adx smap xsaveopt dtherm ida arat pln pts hwp hwp_notify hwp_act_window hwp_epp
bugs		:
bogomips	: 5202.00
clflush size	: 64
cache_alignment	: 64
address sizes	: 42 bits physical, 48 bits virtual
power management:

processor	: 2
vendor_id	: GenuineIntel
cpu family	: 6
model		: 94
model name	: Intel(R) Core(TM) i7-6700HQ CPU @ 2.60GHz
stepping	: 3
microcode	: 0x9e
cpu MHz		: 2601.000
cache size	: 6144 KB
physical id	: 4
siblings	: 1
core id		: 0
cpu cores	: 1
apicid		: 4
initial apicid	: 4
fpu		: yes
fpu_exception	: yes
cpuid level	: 22
wp		: yes
flags		: fpu vme de pse tsc msr pae mce cx8 apic sep mtrr pge mca cmov pat pse36 clflush dts mmx fxsr sse sse2 ss syscall nx pdpe1gb rdtscp lm constant_tsc arch_perfmon pebs bts nopl xtopology tsc_reliable nonstop_tsc aperfmperf eagerfpu pni pclmulqdq ssse3 fma cx16 pcid sse4_1 sse4_2 x2apic movbe popcnt tsc_deadline_timer aes xsave avx f16c rdrand hypervisor lahf_lm abm 3dnowprefetch epb fsgsbase tsc_adjust bmi1 hle avx2 smep bmi2 invpcid rtm rdseed adx smap xsaveopt dtherm ida arat pln pts hwp hwp_notify hwp_act_window hwp_epp
bugs		:
bogomips	: 5202.00
clflush size	: 64
cache_alignment	: 64
address sizes	: 42 bits physical, 48 bits virtual
power management:

processor	: 3
vendor_id	: GenuineIntel
cpu family	: 6
model		: 94
model name	: Intel(R) Core(TM) i7-6700HQ CPU @ 2.60GHz
stepping	: 3
microcode	: 0x9e
cpu MHz		: 2601.000
cache size	: 6144 KB
physical id	: 6
siblings	: 1
core id		: 0
cpu cores	: 1
apicid		: 6
initial apicid	: 6
fpu		: yes
fpu_exception	: yes
cpuid level	: 22
wp		: yes
flags		: fpu vme de pse tsc msr pae mce cx8 apic sep mtrr pge mca cmov pat pse36 clflush dts mmx fxsr sse sse2 ss syscall nx pdpe1gb rdtscp lm constant_tsc arch_perfmon pebs bts nopl xtopology tsc_reliable nonstop_tsc aperfmperf eagerfpu pni pclmulqdq ssse3 fma cx16 pcid sse4_1 sse4_2 x2apic movbe popcnt tsc_deadline_timer aes xsave avx f16c rdrand hypervisor lahf_lm abm 3dnowprefetch epb fsgsbase tsc_adjust bmi1 hle avx2 smep bmi2 invpcid rtm rdseed adx smap xsaveopt dtherm ida arat pln pts hwp hwp_notify hwp_act_window hwp_epp
bugs		:
bogomips	: 5202.00
clflush size	: 64
cache_alignment	: 64
address sizes	: 42 bits physical, 48 bits virtual
power management:

processor	: 4
vendor_id	: GenuineIntel
cpu family	: 6
model		: 94
model name	: Intel(R) Core(TM) i7-6700HQ CPU @ 2.60GHz
stepping	: 3
microcode	: 0x9e
cpu MHz		: 2601.000
cache size	: 6144 KB
physical id	: 8
siblings	: 1
core id		: 0
cpu cores	: 1
apicid		: 8
initial apicid	: 8
fpu		: yes
fpu_exception	: yes
cpuid level	: 22
wp		: yes
flags		: fpu vme de pse tsc msr pae mce cx8 apic sep mtrr pge mca cmov pat pse36 clflush dts mmx fxsr sse sse2 ss syscall nx pdpe1gb rdtscp lm constant_tsc arch_perfmon pebs bts nopl xtopology tsc_reliable nonstop_tsc aperfmperf eagerfpu pni pclmulqdq ssse3 fma cx16 pcid sse4_1 sse4_2 x2apic movbe popcnt tsc_deadline_timer aes xsave avx f16c rdrand hypervisor lahf_lm abm 3dnowprefetch epb fsgsbase tsc_adjust bmi1 hle avx2 smep bmi2 invpcid rtm rdseed adx smap xsaveopt dtherm ida arat pln pts hwp hwp_notify hwp_act_window hwp_epp
bugs		:
bogomips	: 5202.00
clflush size	: 64
cache_alignment	: 64
address sizes	: 42 bits physical, 48 bits virtual
power management:

processor	: 5
vendor_id	: GenuineIntel
cpu family	: 6
model		: 94
model name	: Intel(R) Core(TM) i7-6700HQ CPU @ 2.60GHz
stepping	: 3
microcode	: 0x9e
cpu MHz		: 2601.000
cache size	: 6144 KB
physical id	: 10
siblings	: 1
core id		: 0
cpu cores	: 1
apicid		: 10
initial apicid	: 10
fpu		: yes
fpu_exception	: yes
cpuid level	: 22
wp		: yes
flags		: fpu vme de pse tsc msr pae mce cx8 apic sep mtrr pge mca cmov pat pse36 clflush dts mmx fxsr sse sse2 ss syscall nx pdpe1gb rdtscp lm constant_tsc arch_perfmon pebs bts nopl xtopology tsc_reliable nonstop_tsc aperfmperf eagerfpu pni pclmulqdq ssse3 fma cx16 pcid sse4_1 sse4_2 x2apic movbe popcnt tsc_deadline_timer aes xsave avx f16c rdrand hypervisor lahf_lm abm 3dnowprefetch epb fsgsbase tsc_adjust bmi1 hle avx2 smep bmi2 invpcid rtm rdseed adx smap xsaveopt dtherm ida arat pln pts hwp hwp_notify hwp_act_window hwp_epp
bugs		:
bogomips	: 5202.00
clflush size	: 64
cache_alignment	: 64
address sizes	: 42 bits physical, 48 bits virtual
power management:

processor	: 6
vendor_id	: GenuineIntel
cpu family	: 6
model		: 94
model name	: Intel(R) Core(TM) i7-6700HQ CPU @ 2.60GHz
stepping	: 3
microcode	: 0x9e
cpu MHz		: 2601.000
cache size	: 6144 KB
physical id	: 12
siblings	: 1
core id		: 0
cpu cores	: 1
apicid		: 12
initial apicid	: 12
fpu		: yes
fpu_exception	: yes
cpuid level	: 22
wp		: yes
flags		: fpu vme de pse tsc msr pae mce cx8 apic sep mtrr pge mca cmov pat pse36 clflush dts mmx fxsr sse sse2 ss syscall nx pdpe1gb rdtscp lm constant_tsc arch_perfmon pebs bts nopl xtopology tsc_reliable nonstop_tsc aperfmperf eagerfpu pni pclmulqdq ssse3 fma cx16 pcid sse4_1 sse4_2 x2apic movbe popcnt tsc_deadline_timer aes xsave avx f16c rdrand hypervisor lahf_lm abm 3dnowprefetch epb fsgsbase tsc_adjust bmi1 hle avx2 smep bmi2 invpcid rtm rdseed adx smap xsaveopt dtherm ida arat pln pts hwp hwp_notify hwp_act_window hwp_epp
bugs		:
bogomips	: 5202.00
clflush size	: 64
cache_alignment	: 64
address sizes	: 42 bits physical, 48 bits virtual
power management:

processor	: 7
vendor_id	: GenuineIntel
cpu family	: 6
model		: 94
model name	: Intel(R) Core(TM) i7-6700HQ CPU @ 2.60GHz
stepping	: 3
microcode	: 0x9e
cpu MHz		: 2601.000
cache size	: 6144 KB
physical id	: 14
siblings	: 1
core id		: 0
cpu cores	: 1
apicid		: 14
initial apicid	: 14
fpu		: yes
fpu_exception	: yes
cpuid level	: 22
wp		: yes
flags		: fpu vme de pse tsc msr pae mce cx8 apic sep mtrr pge mca cmov pat pse36 clflush dts mmx fxsr sse sse2 ss syscall nx pdpe1gb rdtscp lm constant_tsc arch_perfmon pebs bts nopl xtopology tsc_reliable nonstop_tsc aperfmperf eagerfpu pni pclmulqdq ssse3 fma cx16 pcid sse4_1 sse4_2 x2apic movbe popcnt tsc_deadline_timer aes xsave avx f16c rdrand hypervisor lahf_lm abm 3dnowprefetch epb fsgsbase tsc_adjust bmi1 hle avx2 smep bmi2 invpcid rtm rdseed adx smap xsaveopt dtherm ida arat pln pts hwp hwp_notify hwp_act_window hwp_epp
bugs		:
bogomips	: 5202.00
clflush size	: 64
cache_alignment	: 64
address sizes	: 42 bits physical, 48 bits virtual
power management:



Memory: 4k page, physical 10068304k(157268k free), swap 8385532k(0k free)

vm_info: Java HotSpot(TM) 64-Bit Server VM (25.121-b13) for linux-amd64 JRE (1.8.0_121-b13), built on Dec 12 2016 16:36:53 by "java_re" with gcc 4.3.0 20080428 (Red Hat 4.3.0-8)

time: Tue Apr 11 13:32:36 2017
elapsed time: 0 seconds (0d 0h 0m 0s)

